Sep 29, 2017 1:07:09 AM org.apache.catalina.core.StandardContext reload
INFO: Reloading Context with name [/ebuy] has started
Sep 29, 2017 1:07:10 AM org.apache.catalina.core.StandardContext reload
INFO: Reloading Context with name [/ebuy] is completed
Sep 29, 2017 1:11:00 AM org.apache.catalina.core.StandardContext reload
INFO: Reloading Context with name [/ebuy] has started
Sep 29, 2017 1:11:01 AM org.apache.catalina.core.StandardContext reload
INFO: Reloading Context with name [/ebuy] is completed
Sep 29, 2017 1:11:51 AM org.apache.catalina.core.StandardContext reload
INFO: Reloading Context with name [/ebuy] has started
Sep 29, 2017 1:11:52 AM org.apache.catalina.core.StandardContext reload
INFO: Reloading Context with name [/ebuy] is completed
Sep 29, 2017 1:12:02 AM org.apache.catalina.core.StandardContext reload
INFO: Reloading Context with name [/ebuy] has started
Sep 29, 2017 1:12:02 AM org.apache.catalina.core.StandardContext reload
INFO: Reloading Context with name [/ebuy] is completed
Sep 29, 2017 1:14:02 AM org.apache.catalina.startup.HostConfig checkResources
INFO: Reloading context [/ebuy]
Sep 29, 2017 1:14:02 AM org.apache.catalina.core.StandardContext reload
INFO: Reloading Context with name [/ebuy] has started
Sep 29, 2017 1:14:03 AM org.apache.catalina.core.StandardContext reload
INFO: Reloading Context with name [/ebuy] is completed
Sep 29, 2017 1:14:21 AM org.apache.catalina.core.StandardServer await
INFO: A valid shutdown command was received via the shutdown port. Stopping the Server instance.
Sep 29, 2017 1:14:21 AM org.apache.coyote.AbstractProtocol pause
INFO: Pausing ProtocolHandler ["http-bio-80"]
Sep 29, 2017 1:14:21 AM org.apache.coyote.AbstractProtocol pause
INFO: Pausing ProtocolHandler ["ajp-bio-8009"]
Sep 29, 2017 1:14:21 AM org.apache.catalina.core.StandardService stopInternal
INFO: Stopping service Catalina
Sep 29, 2017 1:14:21 AM org.apache.coyote.AbstractProtocol stop
INFO: Stopping ProtocolHandler ["http-bio-80"]
Sep 29, 2017 1:14:21 AM org.apache.coyote.AbstractProtocol stop
INFO: Stopping ProtocolHandler ["ajp-bio-8009"]
Sep 29, 2017 1:14:21 AM org.apache.coyote.AbstractProtocol destroy
INFO: Destroying ProtocolHandler ["http-bio-80"]
Sep 29, 2017 1:14:21 AM org.apache.coyote.AbstractProtocol destroy
INFO: Destroying ProtocolHandler ["ajp-bio-8009"]
Sep 29, 2017 1:14:23 AM org.apache.catalina.core.AprLifecycleListener init
INFO: The APR based Apache Tomcat Native library which allows optimal performance in production environments was not found on the java.library.path: C:\Softwares\Java\jdk1.8.0_121\bin;C:\WINDOWS\Sun\Java\bin;C:\WINDOWS\system32;C:\WINDOWS;C:\Softwares\Java\jdk1.8.0_121\bin;C:\ProgramData\Oracle\Java\javapath;C:\WINDOWS\system32;C:\WINDOWS;C:\WINDOWS\System32\Wbem;C:\WINDOWS\System32\WindowsPowerShell\v1.0\;C:\DDrive\Git\cmd;C:\DDrive\Software\GnuPG\pub;C:\DDrive\Python27;C:\Softwares\Anaconda;C:\Softwares\Anaconda\Scripts;C:\Softwares\Anaconda\Library\bin;C:\D Drive\Git\cmd;C:\Program Files (x86)\Skype\Phone\;C:\Program Files\Intel\WiFi\bin\;C:\Program Files\Common Files\Intel\WirelessCommon\;C:\Program Files\PuTTY\;C:\cygwin64\bin\;C:\cygwin64\usr\local\bin;C:\DDrive\Software\Anaconda;C:\DDrive\Software\Anaconda\Scripts;C:\DDrive\Software\Anaconda\Library\bin;C:\Users\venka\AppData\Local\Microsoft\WindowsApps;C:\Users\venka\AppData\Local\atom\bin;C:\Users\venka\AppData\Local\Microsoft\WindowsApps;.
Sep 29, 2017 1:14:24 AM org.apache.coyote.AbstractProtocol init
INFO: Initializing ProtocolHandler ["http-bio-80"]
Sep 29, 2017 1:14:24 AM org.apache.coyote.AbstractProtocol init
INFO: Initializing ProtocolHandler ["ajp-bio-8009"]
Sep 29, 2017 1:14:24 AM org.apache.catalina.startup.Catalina load
INFO: Initialization processed in 651 ms
Sep 29, 2017 1:14:24 AM org.apache.catalina.core.StandardService startInternal
INFO: Starting service Catalina
Sep 29, 2017 1:14:24 AM org.apache.catalina.core.StandardEngine startInternal
INFO: Starting Servlet Engine: Apache Tomcat/7.0.34
Sep 29, 2017 1:14:24 AM org.apache.catalina.startup.HostConfig deployDirectory
INFO: Deploying web application directory C:\DDrive\SoftwareProjects\ProjectX\Tomcat\apache-tomcat-7.0.34\webapps\csj
Sep 29, 2017 1:14:24 AM org.apache.catalina.util.SessionIdGenerator createSecureRandom
INFO: Creation of SecureRandom instance for session ID generation using [SHA1PRNG] took [134] milliseconds.
Sep 29, 2017 1:14:24 AM org.apache.catalina.startup.HostConfig deployDirectory
INFO: Deploying web application directory C:\DDrive\SoftwareProjects\ProjectX\Tomcat\apache-tomcat-7.0.34\webapps\css
Sep 29, 2017 1:14:25 AM org.apache.catalina.startup.HostConfig deployDirectory
INFO: Deploying web application directory C:\DDrive\SoftwareProjects\ProjectX\Tomcat\apache-tomcat-7.0.34\webapps\docs
Sep 29, 2017 1:14:25 AM org.apache.catalina.startup.HostConfig deployDirectory
INFO: Deploying web application directory C:\DDrive\SoftwareProjects\ProjectX\Tomcat\apache-tomcat-7.0.34\webapps\ebuy
Sep 29, 2017 1:14:25 AM org.apache.catalina.startup.HostConfig deployDirectory
INFO: Deploying web application directory C:\DDrive\SoftwareProjects\ProjectX\Tomcat\apache-tomcat-7.0.34\webapps\examples
Sep 29, 2017 1:14:26 AM org.apache.catalina.startup.HostConfig deployDirectory
INFO: Deploying web application directory C:\DDrive\SoftwareProjects\ProjectX\Tomcat\apache-tomcat-7.0.34\webapps\host-manager
Sep 29, 2017 1:14:26 AM org.apache.catalina.startup.HostConfig deployDirectory
INFO: Deploying web application directory C:\DDrive\SoftwareProjects\ProjectX\Tomcat\apache-tomcat-7.0.34\webapps\images
Sep 29, 2017 1:14:26 AM org.apache.catalina.startup.HostConfig deployDirectory
INFO: Deploying web application directory C:\DDrive\SoftwareProjects\ProjectX\Tomcat\apache-tomcat-7.0.34\webapps\manager
Sep 29, 2017 1:14:26 AM org.apache.catalina.startup.HostConfig deployDirectory
INFO: Deploying web application directory C:\DDrive\SoftwareProjects\ProjectX\Tomcat\apache-tomcat-7.0.34\webapps\noimages
Sep 29, 2017 1:14:27 AM org.apache.catalina.startup.HostConfig deployDirectory
INFO: Deploying web application directory C:\DDrive\SoftwareProjects\ProjectX\Tomcat\apache-tomcat-7.0.34\webapps\ROOT
Sep 29, 2017 1:14:27 AM org.apache.catalina.startup.HostConfig deployDirectory
INFO: Deploying web application directory C:\DDrive\SoftwareProjects\ProjectX\Tomcat\apache-tomcat-7.0.34\webapps\sample
Sep 29, 2017 1:14:27 AM org.apache.coyote.AbstractProtocol start
INFO: Starting ProtocolHandler ["http-bio-80"]
Sep 29, 2017 1:14:27 AM org.apache.coyote.AbstractProtocol start
INFO: Starting ProtocolHandler ["ajp-bio-8009"]
Sep 29, 2017 1:14:27 AM org.apache.catalina.startup.Catalina start
INFO: Server startup in 3617 ms
Sep 29, 2017 1:15:57 AM org.apache.catalina.core.StandardContext reload
INFO: Reloading Context with name [/ebuy] has started
Sep 29, 2017 1:15:58 AM org.apache.catalina.core.StandardContext reload
INFO: Reloading Context with name [/ebuy] is completed
Sep 29, 2017 1:17:08 AM org.apache.catalina.core.StandardContext reload
INFO: Reloading Context with name [/ebuy] has started
Sep 29, 2017 1:17:08 AM org.apache.catalina.core.StandardWrapper unload
INFO: Waiting for 1 instance(s) to be deallocated
Sep 29, 2017 1:17:09 AM org.apache.catalina.core.StandardContext reload
INFO: Reloading Context with name [/ebuy] is completed
Sep 29, 2017 1:17:49 AM org.apache.catalina.core.StandardContext reload
INFO: Reloading Context with name [/ebuy] has started
Sep 29, 2017 1:17:49 AM org.apache.catalina.core.StandardContext reload
INFO: Reloading Context with name [/ebuy] is completed
Sep 29, 2017 1:18:39 AM org.apache.catalina.core.StandardContext reload
INFO: Reloading Context with name [/ebuy] has started
Sep 29, 2017 1:18:40 AM org.apache.catalina.core.StandardContext reload
INFO: Reloading Context with name [/ebuy] is completed
Sep 29, 2017 1:24:20 AM org.apache.catalina.core.StandardContext reload
INFO: Reloading Context with name [/ebuy] has started
Sep 29, 2017 1:24:21 AM org.apache.catalina.core.StandardContext reload
INFO: Reloading Context with name [/ebuy] is completed
Sep 29, 2017 1:31:01 AM org.apache.catalina.core.StandardContext reload
INFO: Reloading Context with name [/ebuy] has started
Sep 29, 2017 1:31:02 AM org.apache.catalina.core.StandardContext reload
INFO: Reloading Context with name [/ebuy] is completed
Sep 29, 2017 1:31:22 AM org.apache.catalina.core.StandardContext reload
INFO: Reloading Context with name [/ebuy] has started
Sep 29, 2017 1:31:23 AM org.apache.catalina.core.StandardContext reload
INFO: Reloading Context with name [/ebuy] is completed
Sep 29, 2017 1:32:03 AM org.apache.catalina.core.StandardContext reload
INFO: Reloading Context with name [/ebuy] has started
Sep 29, 2017 1:32:03 AM org.apache.catalina.core.StandardContext reload
INFO: Reloading Context with name [/ebuy] is completed
Sep 29, 2017 1:32:33 AM org.apache.catalina.core.StandardContext reload
INFO: Reloading Context with name [/ebuy] has started
Sep 29, 2017 1:32:33 AM org.apache.catalina.core.StandardWrapper unload
INFO: Waiting for 1 instance(s) to be deallocated
Sep 29, 2017 1:32:34 AM org.apache.catalina.core.StandardContext reload
INFO: Reloading Context with name [/ebuy] is completed
Sep 29, 2017 1:33:54 AM org.apache.catalina.startup.HostConfig checkResources
INFO: Reloading context [/ebuy]
Sep 29, 2017 1:33:54 AM org.apache.catalina.core.StandardContext reload
INFO: Reloading Context with name [/ebuy] has started
Sep 29, 2017 1:33:55 AM org.apache.catalina.core.StandardContext reload
INFO: Reloading Context with name [/ebuy] is completed
Sep 29, 2017 1:33:58 AM org.apache.catalina.core.StandardServer await
INFO: A valid shutdown command was received via the shutdown port. Stopping the Server instance.
Sep 29, 2017 1:33:58 AM org.apache.coyote.AbstractProtocol pause
INFO: Pausing ProtocolHandler ["http-bio-80"]
Sep 29, 2017 1:33:58 AM org.apache.coyote.AbstractProtocol pause
INFO: Pausing ProtocolHandler ["ajp-bio-8009"]
Sep 29, 2017 1:33:58 AM org.apache.catalina.core.StandardService stopInternal
INFO: Stopping service Catalina
Sep 29, 2017 1:33:58 AM org.apache.coyote.AbstractProtocol stop
INFO: Stopping ProtocolHandler ["http-bio-80"]
Sep 29, 2017 1:33:58 AM org.apache.coyote.AbstractProtocol stop
INFO: Stopping ProtocolHandler ["ajp-bio-8009"]
Sep 29, 2017 1:33:58 AM org.apache.coyote.AbstractProtocol destroy
INFO: Destroying ProtocolHandler ["http-bio-80"]
Sep 29, 2017 1:33:58 AM org.apache.coyote.AbstractProtocol destroy
INFO: Destroying ProtocolHandler ["ajp-bio-8009"]
Sep 29, 2017 1:34:01 AM org.apache.catalina.core.AprLifecycleListener init
INFO: The APR based Apache Tomcat Native library which allows optimal performance in production environments was not found on the java.library.path: C:\Softwares\Java\jdk1.8.0_121\bin;C:\WINDOWS\Sun\Java\bin;C:\WINDOWS\system32;C:\WINDOWS;C:\Softwares\Java\jdk1.8.0_121\bin;C:\ProgramData\Oracle\Java\javapath;C:\WINDOWS\system32;C:\WINDOWS;C:\WINDOWS\System32\Wbem;C:\WINDOWS\System32\WindowsPowerShell\v1.0\;C:\DDrive\Git\cmd;C:\DDrive\Software\GnuPG\pub;C:\DDrive\Python27;C:\Softwares\Anaconda;C:\Softwares\Anaconda\Scripts;C:\Softwares\Anaconda\Library\bin;C:\D Drive\Git\cmd;C:\Program Files (x86)\Skype\Phone\;C:\Program Files\Intel\WiFi\bin\;C:\Program Files\Common Files\Intel\WirelessCommon\;C:\Program Files\PuTTY\;C:\cygwin64\bin\;C:\cygwin64\usr\local\bin;C:\DDrive\Software\Anaconda;C:\DDrive\Software\Anaconda\Scripts;C:\DDrive\Software\Anaconda\Library\bin;C:\Users\venka\AppData\Local\Microsoft\WindowsApps;C:\Users\venka\AppData\Local\atom\bin;C:\Users\venka\AppData\Local\Microsoft\WindowsApps;.
Sep 29, 2017 1:34:02 AM org.apache.coyote.AbstractProtocol init
INFO: Initializing ProtocolHandler ["http-bio-80"]
Sep 29, 2017 1:34:02 AM org.apache.coyote.AbstractProtocol init
INFO: Initializing ProtocolHandler ["ajp-bio-8009"]
Sep 29, 2017 1:34:02 AM org.apache.catalina.startup.Catalina load
INFO: Initialization processed in 611 ms
Sep 29, 2017 1:34:02 AM org.apache.catalina.core.StandardService startInternal
INFO: Starting service Catalina
Sep 29, 2017 1:34:02 AM org.apache.catalina.core.StandardEngine startInternal
INFO: Starting Servlet Engine: Apache Tomcat/7.0.34
Sep 29, 2017 1:34:02 AM org.apache.catalina.startup.HostConfig deployDirectory
INFO: Deploying web application directory C:\DDrive\SoftwareProjects\ProjectX\Tomcat\apache-tomcat-7.0.34\webapps\csj
Sep 29, 2017 1:34:02 AM org.apache.catalina.startup.HostConfig deployDirectory
INFO: Deploying web application directory C:\DDrive\SoftwareProjects\ProjectX\Tomcat\apache-tomcat-7.0.34\webapps\css
Sep 29, 2017 1:34:03 AM org.apache.catalina.startup.HostConfig deployDirectory
INFO: Deploying web application directory C:\DDrive\SoftwareProjects\ProjectX\Tomcat\apache-tomcat-7.0.34\webapps\docs
Sep 29, 2017 1:34:03 AM org.apache.catalina.startup.HostConfig deployDirectory
INFO: Deploying web application directory C:\DDrive\SoftwareProjects\ProjectX\Tomcat\apache-tomcat-7.0.34\webapps\ebuy
Sep 29, 2017 1:34:03 AM org.apache.catalina.startup.HostConfig deployDirectory
INFO: Deploying web application directory C:\DDrive\SoftwareProjects\ProjectX\Tomcat\apache-tomcat-7.0.34\webapps\examples
Sep 29, 2017 1:34:03 AM org.apache.catalina.startup.HostConfig deployDirectory
INFO: Deploying web application directory C:\DDrive\SoftwareProjects\ProjectX\Tomcat\apache-tomcat-7.0.34\webapps\host-manager
Sep 29, 2017 1:34:04 AM org.apache.catalina.startup.HostConfig deployDirectory
INFO: Deploying web application directory C:\DDrive\SoftwareProjects\ProjectX\Tomcat\apache-tomcat-7.0.34\webapps\images
Sep 29, 2017 1:34:04 AM org.apache.catalina.startup.HostConfig deployDirectory
INFO: Deploying web application directory C:\DDrive\SoftwareProjects\ProjectX\Tomcat\apache-tomcat-7.0.34\webapps\manager
Sep 29, 2017 1:34:04 AM org.apache.catalina.startup.HostConfig deployDirectory
INFO: Deploying web application directory C:\DDrive\SoftwareProjects\ProjectX\Tomcat\apache-tomcat-7.0.34\webapps\noimages
Sep 29, 2017 1:34:05 AM org.apache.catalina.startup.HostConfig deployDirectory
INFO: Deploying web application directory C:\DDrive\SoftwareProjects\ProjectX\Tomcat\apache-tomcat-7.0.34\webapps\ROOT
Sep 29, 2017 1:34:05 AM org.apache.catalina.startup.HostConfig deployDirectory
INFO: Deploying web application directory C:\DDrive\SoftwareProjects\ProjectX\Tomcat\apache-tomcat-7.0.34\webapps\sample
Sep 29, 2017 1:34:05 AM org.apache.coyote.AbstractProtocol start
INFO: Starting ProtocolHandler ["http-bio-80"]
Sep 29, 2017 1:34:05 AM org.apache.coyote.AbstractProtocol start
INFO: Starting ProtocolHandler ["ajp-bio-8009"]
Sep 29, 2017 1:34:05 AM org.apache.catalina.startup.Catalina start
INFO: Server startup in 3046 ms
Sep 29, 2017 1:36:25 AM org.apache.catalina.core.StandardContext reload
INFO: Reloading Context with name [/ebuy] has started
Sep 29, 2017 1:36:26 AM org.apache.catalina.core.StandardContext reload
INFO: Reloading Context with name [/ebuy] is completed
Sep 29, 2017 1:40:06 AM org.apache.catalina.core.StandardContext reload
INFO: Reloading Context with name [/ebuy] has started
Sep 29, 2017 1:40:07 AM org.apache.catalina.core.StandardContext reload
INFO: Reloading Context with name [/ebuy] is completed
Sep 29, 2017 1:45:38 AM org.apache.catalina.core.StandardContext reload
INFO: Reloading Context with name [/ebuy] has started
Sep 29, 2017 1:45:38 AM org.apache.catalina.core.StandardContext reload
INFO: Reloading Context with name [/ebuy] is completed
Sep 29, 2017 2:01:33 AM org.apache.catalina.core.StandardServer await
INFO: A valid shutdown command was received via the shutdown port. Stopping the Server instance.
Sep 29, 2017 2:01:33 AM org.apache.coyote.AbstractProtocol pause
INFO: Pausing ProtocolHandler ["http-bio-80"]
Sep 29, 2017 2:01:33 AM org.apache.coyote.AbstractProtocol pause
INFO: Pausing ProtocolHandler ["ajp-bio-8009"]
Sep 29, 2017 2:01:33 AM org.apache.catalina.core.StandardService stopInternal
INFO: Stopping service Catalina
Sep 29, 2017 2:01:33 AM org.apache.coyote.AbstractProtocol stop
INFO: Stopping ProtocolHandler ["http-bio-80"]
Sep 29, 2017 2:01:33 AM org.apache.coyote.AbstractProtocol stop
INFO: Stopping ProtocolHandler ["ajp-bio-8009"]
Sep 29, 2017 2:01:33 AM org.apache.coyote.AbstractProtocol destroy
INFO: Destroying ProtocolHandler ["http-bio-80"]
Sep 29, 2017 2:01:33 AM org.apache.coyote.AbstractProtocol destroy
INFO: Destroying ProtocolHandler ["ajp-bio-8009"]
Sep 29, 2017 2:01:36 AM org.apache.catalina.core.AprLifecycleListener init
INFO: The APR based Apache Tomcat Native library which allows optimal performance in production environments was not found on the java.library.path: C:\Softwares\Java\jdk1.8.0_121\bin;C:\WINDOWS\Sun\Java\bin;C:\WINDOWS\system32;C:\WINDOWS;C:\Softwares\Java\jdk1.8.0_121\bin;C:\ProgramData\Oracle\Java\javapath;C:\WINDOWS\system32;C:\WINDOWS;C:\WINDOWS\System32\Wbem;C:\WINDOWS\System32\WindowsPowerShell\v1.0\;C:\DDrive\Git\cmd;C:\DDrive\Software\GnuPG\pub;C:\DDrive\Python27;C:\Softwares\Anaconda;C:\Softwares\Anaconda\Scripts;C:\Softwares\Anaconda\Library\bin;C:\D Drive\Git\cmd;C:\Program Files (x86)\Skype\Phone\;C:\Program Files\Intel\WiFi\bin\;C:\Program Files\Common Files\Intel\WirelessCommon\;C:\Program Files\PuTTY\;C:\cygwin64\bin\;C:\cygwin64\usr\local\bin;C:\DDrive\Software\Anaconda;C:\DDrive\Software\Anaconda\Scripts;C:\DDrive\Software\Anaconda\Library\bin;C:\Users\venka\AppData\Local\Microsoft\WindowsApps;C:\Users\venka\AppData\Local\atom\bin;C:\Users\venka\AppData\Local\Microsoft\WindowsApps;.
Sep 29, 2017 2:01:36 AM org.apache.coyote.AbstractProtocol init
INFO: Initializing ProtocolHandler ["http-bio-80"]
Sep 29, 2017 2:01:36 AM org.apache.coyote.AbstractProtocol init
INFO: Initializing ProtocolHandler ["ajp-bio-8009"]
Sep 29, 2017 2:01:36 AM org.apache.catalina.startup.Catalina load
INFO: Initialization processed in 846 ms
Sep 29, 2017 2:01:37 AM org.apache.catalina.core.StandardService startInternal
INFO: Starting service Catalina
Sep 29, 2017 2:01:37 AM org.apache.catalina.core.StandardEngine startInternal
INFO: Starting Servlet Engine: Apache Tomcat/7.0.34
Sep 29, 2017 2:01:37 AM org.apache.catalina.startup.HostConfig deployDirectory
INFO: Deploying web application directory C:\DDrive\SoftwareProjects\ProjectX\Tomcat\apache-tomcat-7.0.34\webapps\csj
Sep 29, 2017 2:01:37 AM org.apache.catalina.util.SessionIdGenerator createSecureRandom
INFO: Creation of SecureRandom instance for session ID generation using [SHA1PRNG] took [109] milliseconds.
Sep 29, 2017 2:01:37 AM org.apache.catalina.startup.HostConfig deployDirectory
INFO: Deploying web application directory C:\DDrive\SoftwareProjects\ProjectX\Tomcat\apache-tomcat-7.0.34\webapps\css
Sep 29, 2017 2:01:38 AM org.apache.catalina.startup.HostConfig deployDirectory
INFO: Deploying web application directory C:\DDrive\SoftwareProjects\ProjectX\Tomcat\apache-tomcat-7.0.34\webapps\docs
Sep 29, 2017 2:01:38 AM org.apache.catalina.startup.HostConfig deployDirectory
INFO: Deploying web application directory C:\DDrive\SoftwareProjects\ProjectX\Tomcat\apache-tomcat-7.0.34\webapps\ebuy
Sep 29, 2017 2:01:38 AM org.apache.catalina.startup.HostConfig deployDirectory
INFO: Deploying web application directory C:\DDrive\SoftwareProjects\ProjectX\Tomcat\apache-tomcat-7.0.34\webapps\examples
Sep 29, 2017 2:01:38 AM org.apache.catalina.startup.HostConfig deployDirectory
INFO: Deploying web application directory C:\DDrive\SoftwareProjects\ProjectX\Tomcat\apache-tomcat-7.0.34\webapps\host-manager
Sep 29, 2017 2:01:38 AM org.apache.catalina.startup.HostConfig deployDirectory
INFO: Deploying web application directory C:\DDrive\SoftwareProjects\ProjectX\Tomcat\apache-tomcat-7.0.34\webapps\images
Sep 29, 2017 2:01:39 AM org.apache.catalina.startup.HostConfig deployDirectory
INFO: Deploying web application directory C:\DDrive\SoftwareProjects\ProjectX\Tomcat\apache-tomcat-7.0.34\webapps\manager
Sep 29, 2017 2:01:39 AM org.apache.catalina.startup.HostConfig deployDirectory
INFO: Deploying web application directory C:\DDrive\SoftwareProjects\ProjectX\Tomcat\apache-tomcat-7.0.34\webapps\noimages
Sep 29, 2017 2:01:40 AM org.apache.catalina.startup.HostConfig deployDirectory
INFO: Deploying web application directory C:\DDrive\SoftwareProjects\ProjectX\Tomcat\apache-tomcat-7.0.34\webapps\ROOT
Sep 29, 2017 2:01:40 AM org.apache.catalina.startup.HostConfig deployDirectory
INFO: Deploying web application directory C:\DDrive\SoftwareProjects\ProjectX\Tomcat\apache-tomcat-7.0.34\webapps\sample
Sep 29, 2017 2:01:40 AM org.apache.coyote.AbstractProtocol start
INFO: Starting ProtocolHandler ["http-bio-80"]
Sep 29, 2017 2:01:40 AM org.apache.coyote.AbstractProtocol start
INFO: Starting ProtocolHandler ["ajp-bio-8009"]
Sep 29, 2017 2:01:40 AM org.apache.catalina.startup.Catalina start
INFO: Server startup in 3159 ms
Sep 29, 2017 2:02:00 AM org.apache.catalina.core.StandardContext reload
INFO: Reloading Context with name [/ebuy] has started
Sep 29, 2017 2:02:00 AM org.apache.catalina.core.StandardContext reload
INFO: Reloading Context with name [/ebuy] is completed
Sep 29, 2017 2:02:40 AM org.apache.catalina.core.StandardContext reload
INFO: Reloading Context with name [/ebuy] has started
Sep 29, 2017 2:02:41 AM org.apache.catalina.core.StandardContext reload
INFO: Reloading Context with name [/ebuy] is completed
Sep 29, 2017 2:05:41 AM org.apache.catalina.core.StandardContext reload
INFO: Reloading Context with name [/ebuy] has started
Sep 29, 2017 2:05:42 AM org.apache.catalina.core.StandardContext reload
INFO: Reloading Context with name [/ebuy] is completed
Sep 29, 2017 2:07:12 AM org.apache.catalina.core.StandardContext reload
INFO: Reloading Context with name [/ebuy] has started
Sep 29, 2017 2:07:13 AM org.apache.catalina.core.StandardContext reload
INFO: Reloading Context with name [/ebuy] is completed
Sep 29, 2017 2:10:33 AM org.apache.catalina.core.StandardContext reload
INFO: Reloading Context with name [/ebuy] has started
Sep 29, 2017 2:10:33 AM org.apache.catalina.core.StandardContext reload
INFO: Reloading Context with name [/ebuy] is completed
Sep 29, 2017 2:11:44 AM org.apache.catalina.core.StandardContext reload
INFO: Reloading Context with name [/ebuy] has started
Sep 29, 2017 2:11:44 AM org.apache.catalina.core.StandardContext reload
INFO: Reloading Context with name [/ebuy] is completed
Sep 29, 2017 2:12:54 AM org.apache.catalina.core.StandardContext reload
INFO: Reloading Context with name [/ebuy] has started
Sep 29, 2017 2:12:55 AM org.apache.catalina.core.StandardContext reload
INFO: Reloading Context with name [/ebuy] is completed
Sep 29, 2017 2:14:35 AM org.apache.catalina.core.StandardContext reload
INFO: Reloading Context with name [/ebuy] has started
Sep 29, 2017 2:14:35 AM org.apache.catalina.core.StandardContext reload
INFO: Reloading Context with name [/ebuy] is completed
Sep 29, 2017 2:23:57 AM org.apache.catalina.core.StandardContext reload
INFO: Reloading Context with name [/ebuy] has started
Sep 29, 2017 2:23:57 AM org.apache.catalina.core.StandardContext reload
INFO: Reloading Context with name [/ebuy] is completed
Sep 29, 2017 2:26:17 AM org.apache.catalina.core.StandardContext reload
INFO: Reloading Context with name [/ebuy] has started
Sep 29, 2017 2:26:18 AM org.apache.catalina.core.StandardContext reload
INFO: Reloading Context with name [/ebuy] is completed
Sep 29, 2017 2:27:08 AM org.apache.catalina.core.StandardContext reload
INFO: Reloading Context with name [/ebuy] has started
Sep 29, 2017 2:27:09 AM org.apache.catalina.core.StandardContext reload
INFO: Reloading Context with name [/ebuy] is completed
Sep 29, 2017 2:27:49 AM org.apache.catalina.core.StandardContext reload
INFO: Reloading Context with name [/ebuy] has started
Sep 29, 2017 2:27:49 AM org.apache.catalina.core.StandardContext reload
INFO: Reloading Context with name [/ebuy] is completed
Sep 29, 2017 2:32:40 AM org.apache.catalina.core.StandardContext reload
INFO: Reloading Context with name [/ebuy] has started
Sep 29, 2017 2:32:40 AM org.apache.catalina.core.StandardContext reload
INFO: Reloading Context with name [/ebuy] is completed
Sep 29, 2017 2:35:01 AM org.apache.catalina.core.StandardContext reload
INFO: Reloading Context with name [/ebuy] has started
Sep 29, 2017 2:35:01 AM org.apache.catalina.core.StandardContext reload
INFO: Reloading Context with name [/ebuy] is completed
Sep 29, 2017 1:22:00 PM org.apache.catalina.core.AprLifecycleListener init
INFO: The APR based Apache Tomcat Native library which allows optimal performance in production environments was not found on the java.library.path: C:\Softwares\Java\jdk1.8.0_121\bin;C:\WINDOWS\Sun\Java\bin;C:\WINDOWS\system32;C:\WINDOWS;C:\Softwares\Java\jdk1.8.0_121\bin;C:\ProgramData\Oracle\Java\javapath;C:\WINDOWS\system32;C:\WINDOWS;C:\WINDOWS\System32\Wbem;C:\WINDOWS\System32\WindowsPowerShell\v1.0\;C:\DDrive\Git\cmd;C:\DDrive\Software\GnuPG\pub;C:\DDrive\Python27;C:\Softwares\Anaconda;C:\Softwares\Anaconda\Scripts;C:\Softwares\Anaconda\Library\bin;C:\D Drive\Git\cmd;C:\Program Files (x86)\Skype\Phone\;C:\Program Files\Intel\WiFi\bin\;C:\Program Files\Common Files\Intel\WirelessCommon\;C:\Program Files\PuTTY\;C:\cygwin64\bin\;C:\cygwin64\usr\local\bin;C:\DDrive\Software\Anaconda;C:\DDrive\Software\Anaconda\Scripts;C:\DDrive\Software\Anaconda\Library\bin;C:\Users\venka\AppData\Local\Microsoft\WindowsApps;C:\Users\venka\AppData\Local\atom\bin;C:\DDrive\Python27;C:\Users\venka\AppData\Local\Microsoft\WindowsApps;C:\cygwin64\bin;;.
Sep 29, 2017 1:22:01 PM org.apache.coyote.AbstractProtocol init
INFO: Initializing ProtocolHandler ["http-bio-80"]
Sep 29, 2017 1:22:01 PM org.apache.coyote.AbstractProtocol init
SEVERE: Failed to initialize end point associated with ProtocolHandler ["http-bio-80"]
java.net.BindException: Address already in use: JVM_Bind <null>:80
	at org.apache.tomcat.util.net.JIoEndpoint.bind(JIoEndpoint.java:406)
	at org.apache.tomcat.util.net.AbstractEndpoint.init(AbstractEndpoint.java:610)
	at org.apache.coyote.AbstractProtocol.init(AbstractProtocol.java:429)
	at org.apache.coyote.http11.AbstractHttp11JsseProtocol.init(AbstractHttp11JsseProtocol.java:119)
	at org.apache.catalina.connector.Connector.initInternal(Connector.java:981)
	at org.apache.catalina.util.LifecycleBase.init(LifecycleBase.java:102)
	at org.apache.catalina.core.StandardService.initInternal(StandardService.java:559)
	at org.apache.catalina.util.LifecycleBase.init(LifecycleBase.java:102)
	at org.apache.catalina.core.StandardServer.initInternal(StandardServer.java:814)
	at org.apache.catalina.util.LifecycleBase.init(LifecycleBase.java:102)
	at org.apache.catalina.startup.Catalina.load(Catalina.java:633)
	at org.apache.catalina.startup.Catalina.load(Catalina.java:658)
	at sun.reflect.NativeMethodAccessorImpl.invoke0(Native Method)
	at sun.reflect.NativeMethodAccessorImpl.invoke(NativeMethodAccessorImpl.java:62)
	at sun.reflect.DelegatingMethodAccessorImpl.invoke(DelegatingMethodAccessorImpl.java:43)
	at java.lang.reflect.Method.invoke(Method.java:498)
	at org.apache.catalina.startup.Bootstrap.load(Bootstrap.java:281)
	at org.apache.catalina.startup.Bootstrap.main(Bootstrap.java:450)
Caused by: java.net.BindException: Address already in use: JVM_Bind
	at java.net.DualStackPlainSocketImpl.bind0(Native Method)
	at java.net.DualStackPlainSocketImpl.socketBind(DualStackPlainSocketImpl.java:106)
	at java.net.AbstractPlainSocketImpl.bind(AbstractPlainSocketImpl.java:387)
	at java.net.PlainSocketImpl.bind(PlainSocketImpl.java:190)
	at java.net.ServerSocket.bind(ServerSocket.java:375)
	at java.net.ServerSocket.<init>(ServerSocket.java:237)
	at java.net.ServerSocket.<init>(ServerSocket.java:181)
	at org.apache.tomcat.util.net.DefaultServerSocketFactory.createSocket(DefaultServerSocketFactory.java:49)
	at org.apache.tomcat.util.net.JIoEndpoint.bind(JIoEndpoint.java:393)
	... 17 more

Sep 29, 2017 1:22:01 PM org.apache.catalina.core.StandardService initInternal
SEVERE: Failed to initialize connector [Connector[HTTP/1.1-80]]
org.apache.catalina.LifecycleException: Failed to initialize component [Connector[HTTP/1.1-80]]
	at org.apache.catalina.util.LifecycleBase.init(LifecycleBase.java:106)
	at org.apache.catalina.core.StandardService.initInternal(StandardService.java:559)
	at org.apache.catalina.util.LifecycleBase.init(LifecycleBase.java:102)
	at org.apache.catalina.core.StandardServer.initInternal(StandardServer.java:814)
	at org.apache.catalina.util.LifecycleBase.init(LifecycleBase.java:102)
	at org.apache.catalina.startup.Catalina.load(Catalina.java:633)
	at org.apache.catalina.startup.Catalina.load(Catalina.java:658)
	at sun.reflect.NativeMethodAccessorImpl.invoke0(Native Method)
	at sun.reflect.NativeMethodAccessorImpl.invoke(NativeMethodAccessorImpl.java:62)
	at sun.reflect.DelegatingMethodAccessorImpl.invoke(DelegatingMethodAccessorImpl.java:43)
	at java.lang.reflect.Method.invoke(Method.java:498)
	at org.apache.catalina.startup.Bootstrap.load(Bootstrap.java:281)
	at org.apache.catalina.startup.Bootstrap.main(Bootstrap.java:450)
Caused by: org.apache.catalina.LifecycleException: Protocol handler initialization failed
	at org.apache.catalina.connector.Connector.initInternal(Connector.java:983)
	at org.apache.catalina.util.LifecycleBase.init(LifecycleBase.java:102)
	... 12 more
Caused by: java.net.BindException: Address already in use: JVM_Bind <null>:80
	at org.apache.tomcat.util.net.JIoEndpoint.bind(JIoEndpoint.java:406)
	at org.apache.tomcat.util.net.AbstractEndpoint.init(AbstractEndpoint.java:610)
	at org.apache.coyote.AbstractProtocol.init(AbstractProtocol.java:429)
	at org.apache.coyote.http11.AbstractHttp11JsseProtocol.init(AbstractHttp11JsseProtocol.java:119)
	at org.apache.catalina.connector.Connector.initInternal(Connector.java:981)
	... 13 more
Caused by: java.net.BindException: Address already in use: JVM_Bind
	at java.net.DualStackPlainSocketImpl.bind0(Native Method)
	at java.net.DualStackPlainSocketImpl.socketBind(DualStackPlainSocketImpl.java:106)
	at java.net.AbstractPlainSocketImpl.bind(AbstractPlainSocketImpl.java:387)
	at java.net.PlainSocketImpl.bind(PlainSocketImpl.java:190)
	at java.net.ServerSocket.bind(ServerSocket.java:375)
	at java.net.ServerSocket.<init>(ServerSocket.java:237)
	at java.net.ServerSocket.<init>(ServerSocket.java:181)
	at org.apache.tomcat.util.net.DefaultServerSocketFactory.createSocket(DefaultServerSocketFactory.java:49)
	at org.apache.tomcat.util.net.JIoEndpoint.bind(JIoEndpoint.java:393)
	... 17 more

Sep 29, 2017 1:22:01 PM org.apache.coyote.AbstractProtocol init
INFO: Initializing ProtocolHandler ["ajp-bio-8009"]
Sep 29, 2017 1:22:01 PM org.apache.catalina.startup.Catalina load
INFO: Initialization processed in 741 ms
Sep 29, 2017 1:22:01 PM org.apache.catalina.core.StandardService startInternal
INFO: Starting service Catalina
Sep 29, 2017 1:22:01 PM org.apache.catalina.core.StandardEngine startInternal
INFO: Starting Servlet Engine: Apache Tomcat/7.0.34
Sep 29, 2017 1:22:01 PM org.apache.catalina.startup.HostConfig deployDirectory
INFO: Deploying web application directory C:\DDrive\SoftwareProjects\ProjectX\Tomcat\apache-tomcat-7.0.34\webapps\csj
Sep 29, 2017 1:22:01 PM org.apache.catalina.startup.HostConfig deployDirectory
INFO: Deploying web application directory C:\DDrive\SoftwareProjects\ProjectX\Tomcat\apache-tomcat-7.0.34\webapps\css
Sep 29, 2017 1:22:02 PM org.apache.catalina.startup.HostConfig deployDirectory
INFO: Deploying web application directory C:\DDrive\SoftwareProjects\ProjectX\Tomcat\apache-tomcat-7.0.34\webapps\docs
Sep 29, 2017 1:22:02 PM org.apache.catalina.startup.HostConfig deployDirectory
INFO: Deploying web application directory C:\DDrive\SoftwareProjects\ProjectX\Tomcat\apache-tomcat-7.0.34\webapps\ebuy
Sep 29, 2017 1:22:02 PM org.apache.catalina.startup.HostConfig deployDirectory
INFO: Deploying web application directory C:\DDrive\SoftwareProjects\ProjectX\Tomcat\apache-tomcat-7.0.34\webapps\examples
Sep 29, 2017 1:22:03 PM org.apache.catalina.startup.HostConfig deployDirectory
INFO: Deploying web application directory C:\DDrive\SoftwareProjects\ProjectX\Tomcat\apache-tomcat-7.0.34\webapps\host-manager
Sep 29, 2017 1:22:03 PM org.apache.catalina.startup.HostConfig deployDirectory
INFO: Deploying web application directory C:\DDrive\SoftwareProjects\ProjectX\Tomcat\apache-tomcat-7.0.34\webapps\images
Sep 29, 2017 1:22:03 PM org.apache.catalina.startup.HostConfig deployDirectory
INFO: Deploying web application directory C:\DDrive\SoftwareProjects\ProjectX\Tomcat\apache-tomcat-7.0.34\webapps\manager
Sep 29, 2017 1:22:03 PM org.apache.catalina.startup.HostConfig deployDirectory
INFO: Deploying web application directory C:\DDrive\SoftwareProjects\ProjectX\Tomcat\apache-tomcat-7.0.34\webapps\noimages
Sep 29, 2017 1:22:04 PM org.apache.catalina.startup.HostConfig deployDirectory
INFO: Deploying web application directory C:\DDrive\SoftwareProjects\ProjectX\Tomcat\apache-tomcat-7.0.34\webapps\ROOT
Sep 29, 2017 1:22:04 PM org.apache.catalina.startup.HostConfig deployDirectory
INFO: Deploying web application directory C:\DDrive\SoftwareProjects\ProjectX\Tomcat\apache-tomcat-7.0.34\webapps\sample
Sep 29, 2017 1:22:04 PM org.apache.coyote.AbstractProtocol start
INFO: Starting ProtocolHandler ["ajp-bio-8009"]
Sep 29, 2017 1:22:04 PM org.apache.catalina.startup.Catalina start
INFO: Server startup in 3113 ms
Sep 29, 2017 1:23:34 PM org.apache.catalina.core.AprLifecycleListener init
INFO: The APR based Apache Tomcat Native library which allows optimal performance in production environments was not found on the java.library.path: C:\Softwares\Java\jdk1.8.0_121\bin;C:\WINDOWS\Sun\Java\bin;C:\WINDOWS\system32;C:\WINDOWS;C:\Softwares\Java\jdk1.8.0_121\bin;C:\ProgramData\Oracle\Java\javapath;C:\WINDOWS\system32;C:\WINDOWS;C:\WINDOWS\System32\Wbem;C:\WINDOWS\System32\WindowsPowerShell\v1.0\;C:\DDrive\Git\cmd;C:\DDrive\Software\GnuPG\pub;C:\DDrive\Python27;C:\Softwares\Anaconda;C:\Softwares\Anaconda\Scripts;C:\Softwares\Anaconda\Library\bin;C:\D Drive\Git\cmd;C:\Program Files (x86)\Skype\Phone\;C:\Program Files\Intel\WiFi\bin\;C:\Program Files\Common Files\Intel\WirelessCommon\;C:\Program Files\PuTTY\;C:\cygwin64\bin\;C:\cygwin64\usr\local\bin;C:\DDrive\Software\Anaconda;C:\DDrive\Software\Anaconda\Scripts;C:\DDrive\Software\Anaconda\Library\bin;C:\Users\venka\AppData\Local\Microsoft\WindowsApps;C:\Users\venka\AppData\Local\atom\bin;C:\DDrive\Python27;C:\Users\venka\AppData\Local\Microsoft\WindowsApps;C:\cygwin64\bin;;.
Sep 29, 2017 1:23:34 PM org.apache.coyote.AbstractProtocol init
INFO: Initializing ProtocolHandler ["http-bio-80"]
Sep 29, 2017 1:23:34 PM org.apache.coyote.AbstractProtocol init
INFO: Initializing ProtocolHandler ["ajp-bio-8009"]
Sep 29, 2017 1:23:34 PM org.apache.catalina.startup.Catalina load
INFO: Initialization processed in 493 ms
Sep 29, 2017 1:23:34 PM org.apache.catalina.core.StandardService startInternal
INFO: Starting service Catalina
Sep 29, 2017 1:23:34 PM org.apache.catalina.core.StandardEngine startInternal
INFO: Starting Servlet Engine: Apache Tomcat/7.0.34
Sep 29, 2017 1:23:34 PM org.apache.catalina.startup.HostConfig deployDirectory
INFO: Deploying web application directory C:\DDrive\SoftwareProjects\ProjectX\Tomcat\apache-tomcat-7.0.34\webapps\csj
Sep 29, 2017 1:23:35 PM org.apache.catalina.startup.HostConfig deployDirectory
INFO: Deploying web application directory C:\DDrive\SoftwareProjects\ProjectX\Tomcat\apache-tomcat-7.0.34\webapps\css
Sep 29, 2017 1:23:36 PM org.apache.catalina.startup.HostConfig deployDirectory
INFO: Deploying web application directory C:\DDrive\SoftwareProjects\ProjectX\Tomcat\apache-tomcat-7.0.34\webapps\docs
Sep 29, 2017 1:23:36 PM org.apache.catalina.startup.HostConfig deployDirectory
INFO: Deploying web application directory C:\DDrive\SoftwareProjects\ProjectX\Tomcat\apache-tomcat-7.0.34\webapps\ebuy
Sep 29, 2017 1:23:36 PM org.apache.catalina.startup.HostConfig deployDirectory
INFO: Deploying web application directory C:\DDrive\SoftwareProjects\ProjectX\Tomcat\apache-tomcat-7.0.34\webapps\examples
Sep 29, 2017 1:23:36 PM org.apache.catalina.startup.HostConfig deployDirectory
INFO: Deploying web application directory C:\DDrive\SoftwareProjects\ProjectX\Tomcat\apache-tomcat-7.0.34\webapps\host-manager
Sep 29, 2017 1:23:36 PM org.apache.catalina.startup.HostConfig deployDirectory
INFO: Deploying web application directory C:\DDrive\SoftwareProjects\ProjectX\Tomcat\apache-tomcat-7.0.34\webapps\images
Sep 29, 2017 1:23:36 PM org.apache.catalina.startup.HostConfig deployDirectory
INFO: Deploying web application directory C:\DDrive\SoftwareProjects\ProjectX\Tomcat\apache-tomcat-7.0.34\webapps\manager
Sep 29, 2017 1:23:36 PM org.apache.catalina.startup.HostConfig deployDirectory
INFO: Deploying web application directory C:\DDrive\SoftwareProjects\ProjectX\Tomcat\apache-tomcat-7.0.34\webapps\noimages
Sep 29, 2017 1:23:37 PM org.apache.catalina.startup.HostConfig deployDirectory
INFO: Deploying web application directory C:\DDrive\SoftwareProjects\ProjectX\Tomcat\apache-tomcat-7.0.34\webapps\ROOT
Sep 29, 2017 1:23:37 PM org.apache.catalina.startup.HostConfig deployDirectory
INFO: Deploying web application directory C:\DDrive\SoftwareProjects\ProjectX\Tomcat\apache-tomcat-7.0.34\webapps\sample
Sep 29, 2017 1:23:37 PM org.apache.coyote.AbstractProtocol start
INFO: Starting ProtocolHandler ["http-bio-80"]
Sep 29, 2017 1:23:37 PM org.apache.coyote.AbstractProtocol start
INFO: Starting ProtocolHandler ["ajp-bio-8009"]
Sep 29, 2017 1:23:37 PM org.apache.catalina.startup.Catalina start
INFO: Server startup in 2641 ms
Sep 29, 2017 1:30:48 PM org.apache.catalina.core.StandardContext reload
INFO: Reloading Context with name [/ebuy] has started
Sep 29, 2017 1:30:49 PM org.apache.catalina.core.StandardContext reload
INFO: Reloading Context with name [/ebuy] is completed
Sep 29, 2017 1:31:39 PM org.apache.catalina.core.StandardContext reload
INFO: Reloading Context with name [/ebuy] has started
Sep 29, 2017 1:31:39 PM org.apache.catalina.core.StandardContext reload
INFO: Reloading Context with name [/ebuy] is completed
Sep 29, 2017 1:32:09 PM org.apache.catalina.core.StandardContext reload
INFO: Reloading Context with name [/ebuy] has started
Sep 29, 2017 1:32:10 PM org.apache.catalina.core.StandardContext reload
INFO: Reloading Context with name [/ebuy] is completed
Sep 29, 2017 1:33:40 PM org.apache.catalina.core.StandardContext reload
INFO: Reloading Context with name [/ebuy] has started
Sep 29, 2017 1:33:40 PM org.apache.catalina.core.StandardContext reload
INFO: Reloading Context with name [/ebuy] is completed
Sep 29, 2017 1:35:21 PM org.apache.catalina.core.StandardContext reload
INFO: Reloading Context with name [/ebuy] has started
Sep 29, 2017 1:35:21 PM org.apache.catalina.core.StandardContext reload
INFO: Reloading Context with name [/ebuy] is completed
Sep 29, 2017 1:35:31 PM org.apache.catalina.core.StandardContext reload
INFO: Reloading Context with name [/ebuy] has started
Sep 29, 2017 1:35:32 PM org.apache.catalina.core.StandardContext reload
INFO: Reloading Context with name [/ebuy] is completed
Sep 29, 2017 1:37:12 PM org.apache.catalina.core.StandardContext reload
INFO: Reloading Context with name [/ebuy] has started
Sep 29, 2017 1:37:12 PM org.apache.catalina.core.StandardContext reload
INFO: Reloading Context with name [/ebuy] is completed
Sep 29, 2017 1:37:43 PM org.apache.catalina.core.StandardContext reload
INFO: Reloading Context with name [/ebuy] has started
Sep 29, 2017 1:37:43 PM org.apache.catalina.core.StandardContext reload
INFO: Reloading Context with name [/ebuy] is completed
Sep 29, 2017 1:38:13 PM org.apache.catalina.core.StandardContext reload
INFO: Reloading Context with name [/ebuy] has started
Sep 29, 2017 1:38:13 PM org.apache.catalina.core.StandardContext reload
INFO: Reloading Context with name [/ebuy] is completed
Sep 29, 2017 1:38:44 PM org.apache.catalina.core.StandardContext reload
INFO: Reloading Context with name [/ebuy] has started
Sep 29, 2017 1:38:44 PM org.apache.catalina.core.StandardContext reload
INFO: Reloading Context with name [/ebuy] is completed
Sep 29, 2017 1:39:24 PM org.apache.catalina.core.StandardContext reload
INFO: Reloading Context with name [/ebuy] has started
Sep 29, 2017 1:39:25 PM org.apache.catalina.core.StandardContext reload
INFO: Reloading Context with name [/ebuy] is completed
Sep 29, 2017 1:39:45 PM org.apache.catalina.core.StandardContext reload
INFO: Reloading Context with name [/ebuy] has started
Sep 29, 2017 1:39:45 PM org.apache.catalina.core.StandardContext reload
INFO: Reloading Context with name [/ebuy] is completed
Sep 29, 2017 1:40:05 PM org.apache.catalina.core.StandardContext reload
INFO: Reloading Context with name [/ebuy] has started
Sep 29, 2017 1:40:06 PM org.apache.catalina.core.StandardContext reload
INFO: Reloading Context with name [/ebuy] is completed
Sep 29, 2017 1:41:36 PM org.apache.catalina.core.StandardContext reload
INFO: Reloading Context with name [/ebuy] has started
Sep 29, 2017 1:41:36 PM org.apache.catalina.core.StandardContext reload
INFO: Reloading Context with name [/ebuy] is completed
Sep 29, 2017 2:30:42 PM org.apache.catalina.core.StandardContext reload
INFO: Reloading Context with name [/ebuy] has started
Sep 29, 2017 2:30:42 PM org.apache.catalina.core.StandardContext reload
INFO: Reloading Context with name [/ebuy] is completed
Sep 29, 2017 2:31:53 PM org.apache.catalina.core.StandardContext reload
INFO: Reloading Context with name [/ebuy] has started
Sep 29, 2017 2:31:53 PM org.apache.catalina.core.StandardContext reload
INFO: Reloading Context with name [/ebuy] is completed
Sep 29, 2017 2:32:03 PM org.apache.catalina.core.StandardContext reload
INFO: Reloading Context with name [/ebuy] has started
Sep 29, 2017 2:32:04 PM org.apache.catalina.core.StandardContext reload
INFO: Reloading Context with name [/ebuy] is completed
Sep 29, 2017 2:32:14 PM org.apache.catalina.core.StandardContext reload
INFO: Reloading Context with name [/ebuy] has started
Sep 29, 2017 2:32:14 PM org.apache.catalina.core.StandardContext reload
INFO: Reloading Context with name [/ebuy] is completed
Sep 29, 2017 2:34:24 PM org.apache.catalina.startup.HostConfig checkResources
INFO: Reloading context [/ebuy]
Sep 29, 2017 2:34:24 PM org.apache.catalina.core.StandardContext reload
INFO: Reloading Context with name [/ebuy] has started
Sep 29, 2017 2:34:25 PM org.apache.catalina.core.StandardContext reload
INFO: Reloading Context with name [/ebuy] is completed
Sep 29, 2017 2:34:32 PM org.apache.catalina.core.StandardServer await
INFO: A valid shutdown command was received via the shutdown port. Stopping the Server instance.
Sep 29, 2017 2:34:32 PM org.apache.coyote.AbstractProtocol pause
INFO: Pausing ProtocolHandler ["http-bio-80"]
Sep 29, 2017 2:34:32 PM org.apache.coyote.AbstractProtocol pause
INFO: Pausing ProtocolHandler ["ajp-bio-8009"]
Sep 29, 2017 2:34:32 PM org.apache.catalina.core.StandardService stopInternal
INFO: Stopping service Catalina
Sep 29, 2017 2:34:32 PM org.apache.coyote.AbstractProtocol stop
INFO: Stopping ProtocolHandler ["http-bio-80"]
Sep 29, 2017 2:34:32 PM org.apache.coyote.AbstractProtocol stop
INFO: Stopping ProtocolHandler ["ajp-bio-8009"]
Sep 29, 2017 2:34:32 PM org.apache.coyote.AbstractProtocol destroy
INFO: Destroying ProtocolHandler ["http-bio-80"]
Sep 29, 2017 2:34:32 PM org.apache.coyote.AbstractProtocol destroy
INFO: Destroying ProtocolHandler ["ajp-bio-8009"]
Sep 29, 2017 2:34:35 PM org.apache.catalina.core.AprLifecycleListener init
INFO: The APR based Apache Tomcat Native library which allows optimal performance in production environments was not found on the java.library.path: C:\Softwares\Java\jdk1.8.0_121\bin;C:\WINDOWS\Sun\Java\bin;C:\WINDOWS\system32;C:\WINDOWS;C:\Softwares\Java\jdk1.8.0_121\bin;C:\ProgramData\Oracle\Java\javapath;C:\WINDOWS\system32;C:\WINDOWS;C:\WINDOWS\System32\Wbem;C:\WINDOWS\System32\WindowsPowerShell\v1.0\;C:\DDrive\Git\cmd;C:\DDrive\Software\GnuPG\pub;C:\DDrive\Python27;C:\Softwares\Anaconda;C:\Softwares\Anaconda\Scripts;C:\Softwares\Anaconda\Library\bin;C:\D Drive\Git\cmd;C:\Program Files (x86)\Skype\Phone\;C:\Program Files\Intel\WiFi\bin\;C:\Program Files\Common Files\Intel\WirelessCommon\;C:\Program Files\PuTTY\;C:\cygwin64\bin\;C:\cygwin64\usr\local\bin;C:\DDrive\Software\Anaconda;C:\DDrive\Software\Anaconda\Scripts;C:\DDrive\Software\Anaconda\Library\bin;C:\Users\venka\AppData\Local\Microsoft\WindowsApps;C:\Users\venka\AppData\Local\atom\bin;C:\DDrive\Python27;C:\Users\venka\AppData\Local\Microsoft\WindowsApps;C:\cygwin64\bin;;.
Sep 29, 2017 2:34:35 PM org.apache.coyote.AbstractProtocol init
INFO: Initializing ProtocolHandler ["http-bio-80"]
Sep 29, 2017 2:34:35 PM org.apache.coyote.AbstractProtocol init
INFO: Initializing ProtocolHandler ["ajp-bio-8009"]
Sep 29, 2017 2:34:35 PM org.apache.catalina.startup.Catalina load
INFO: Initialization processed in 684 ms
Sep 29, 2017 2:34:35 PM org.apache.catalina.core.StandardService startInternal
INFO: Starting service Catalina
Sep 29, 2017 2:34:35 PM org.apache.catalina.core.StandardEngine startInternal
INFO: Starting Servlet Engine: Apache Tomcat/7.0.34
Sep 29, 2017 2:34:35 PM org.apache.catalina.startup.HostConfig deployDirectory
INFO: Deploying web application directory C:\DDrive\SoftwareProjects\ProjectX\Tomcat\apache-tomcat-7.0.34\webapps\csj
Sep 29, 2017 2:34:35 PM org.apache.catalina.startup.HostConfig deployDirectory
INFO: Deploying web application directory C:\DDrive\SoftwareProjects\ProjectX\Tomcat\apache-tomcat-7.0.34\webapps\css
Sep 29, 2017 2:34:36 PM org.apache.catalina.startup.HostConfig deployDirectory
INFO: Deploying web application directory C:\DDrive\SoftwareProjects\ProjectX\Tomcat\apache-tomcat-7.0.34\webapps\docs
Sep 29, 2017 2:34:36 PM org.apache.catalina.startup.HostConfig deployDirectory
INFO: Deploying web application directory C:\DDrive\SoftwareProjects\ProjectX\Tomcat\apache-tomcat-7.0.34\webapps\ebuy
Sep 29, 2017 2:34:36 PM org.apache.catalina.startup.HostConfig deployDirectory
INFO: Deploying web application directory C:\DDrive\SoftwareProjects\ProjectX\Tomcat\apache-tomcat-7.0.34\webapps\examples
Sep 29, 2017 2:34:37 PM org.apache.catalina.startup.HostConfig deployDirectory
INFO: Deploying web application directory C:\DDrive\SoftwareProjects\ProjectX\Tomcat\apache-tomcat-7.0.34\webapps\host-manager
Sep 29, 2017 2:34:37 PM org.apache.catalina.startup.HostConfig deployDirectory
INFO: Deploying web application directory C:\DDrive\SoftwareProjects\ProjectX\Tomcat\apache-tomcat-7.0.34\webapps\images
Sep 29, 2017 2:34:37 PM org.apache.catalina.startup.HostConfig deployDirectory
INFO: Deploying web application directory C:\DDrive\SoftwareProjects\ProjectX\Tomcat\apache-tomcat-7.0.34\webapps\manager
Sep 29, 2017 2:34:37 PM org.apache.catalina.startup.HostConfig deployDirectory
INFO: Deploying web application directory C:\DDrive\SoftwareProjects\ProjectX\Tomcat\apache-tomcat-7.0.34\webapps\noimages
Sep 29, 2017 2:34:38 PM org.apache.catalina.startup.HostConfig deployDirectory
INFO: Deploying web application directory C:\DDrive\SoftwareProjects\ProjectX\Tomcat\apache-tomcat-7.0.34\webapps\ROOT
Sep 29, 2017 2:34:38 PM org.apache.catalina.startup.HostConfig deployDirectory
INFO: Deploying web application directory C:\DDrive\SoftwareProjects\ProjectX\Tomcat\apache-tomcat-7.0.34\webapps\sample
Sep 29, 2017 2:34:38 PM org.apache.coyote.AbstractProtocol start
INFO: Starting ProtocolHandler ["http-bio-80"]
Sep 29, 2017 2:34:38 PM org.apache.coyote.AbstractProtocol start
INFO: Starting ProtocolHandler ["ajp-bio-8009"]
Sep 29, 2017 2:34:38 PM org.apache.catalina.startup.Catalina start
INFO: Server startup in 3083 ms
Sep 29, 2017 2:36:08 PM org.apache.catalina.core.StandardContext reload
INFO: Reloading Context with name [/ebuy] has started
Sep 29, 2017 2:36:09 PM org.apache.catalina.core.StandardContext reload
INFO: Reloading Context with name [/ebuy] is completed
Sep 29, 2017 2:37:29 PM org.apache.catalina.core.StandardContext reload
INFO: Reloading Context with name [/ebuy] has started
Sep 29, 2017 2:37:29 PM org.apache.catalina.core.StandardContext reload
INFO: Reloading Context with name [/ebuy] is completed
Sep 29, 2017 2:37:49 PM org.apache.catalina.core.StandardContext reload
INFO: Reloading Context with name [/ebuy] has started
Sep 29, 2017 2:37:50 PM org.apache.catalina.core.StandardContext reload
INFO: Reloading Context with name [/ebuy] is completed
Sep 29, 2017 2:38:10 PM org.apache.catalina.core.StandardContext reload
INFO: Reloading Context with name [/ebuy] has started
Sep 29, 2017 2:38:10 PM org.apache.catalina.core.StandardContext reload
INFO: Reloading Context with name [/ebuy] is completed
Sep 29, 2017 2:38:30 PM org.apache.catalina.core.StandardContext reload
INFO: Reloading Context with name [/ebuy] has started
Sep 29, 2017 2:38:31 PM org.apache.catalina.core.StandardContext reload
INFO: Reloading Context with name [/ebuy] is completed
Sep 29, 2017 2:43:01 PM org.apache.catalina.core.StandardContext reload
INFO: Reloading Context with name [/ebuy] has started
Sep 29, 2017 2:43:02 PM org.apache.catalina.core.StandardContext reload
INFO: Reloading Context with name [/ebuy] is completed
Sep 29, 2017 2:45:42 PM org.apache.catalina.core.StandardContext reload
INFO: Reloading Context with name [/ebuy] has started
Sep 29, 2017 2:45:43 PM org.apache.catalina.core.StandardContext reload
INFO: Reloading Context with name [/ebuy] is completed
Sep 29, 2017 2:50:33 PM org.apache.catalina.core.StandardContext reload
INFO: Reloading Context with name [/ebuy] has started
Sep 29, 2017 2:50:34 PM org.apache.catalina.core.StandardContext reload
INFO: Reloading Context with name [/ebuy] is completed
Sep 29, 2017 2:51:14 PM org.apache.catalina.core.StandardContext reload
INFO: Reloading Context with name [/ebuy] has started
Sep 29, 2017 2:51:14 PM org.apache.catalina.core.StandardContext reload
INFO: Reloading Context with name [/ebuy] is completed
Sep 29, 2017 3:07:56 PM org.apache.catalina.core.StandardContext reload
INFO: Reloading Context with name [/ebuy] has started
Sep 29, 2017 3:07:56 PM org.apache.catalina.core.StandardContext reload
INFO: Reloading Context with name [/ebuy] is completed
Sep 29, 2017 3:14:17 PM org.apache.catalina.core.StandardContext reload
INFO: Reloading Context with name [/ebuy] has started
Sep 29, 2017 3:14:18 PM org.apache.catalina.core.StandardContext reload
INFO: Reloading Context with name [/ebuy] is completed
Sep 29, 2017 3:23:09 PM org.apache.catalina.core.StandardContext reload
INFO: Reloading Context with name [/ebuy] has started
Sep 29, 2017 3:23:09 PM org.apache.catalina.core.StandardContext reload
INFO: Reloading Context with name [/ebuy] is completed
Sep 29, 2017 5:44:58 PM org.apache.catalina.core.StandardContext reload
INFO: Reloading Context with name [/ebuy] has started
Sep 29, 2017 5:44:59 PM org.apache.catalina.core.StandardContext reload
INFO: Reloading Context with name [/ebuy] is completed
Sep 29, 2017 5:48:09 PM org.apache.catalina.core.StandardContext reload
INFO: Reloading Context with name [/ebuy] has started
Sep 29, 2017 5:48:10 PM org.apache.catalina.core.StandardContext reload
INFO: Reloading Context with name [/ebuy] is completed
Sep 29, 2017 5:48:16 PM org.apache.catalina.core.StandardServer await
INFO: A valid shutdown command was received via the shutdown port. Stopping the Server instance.
Sep 29, 2017 5:48:16 PM org.apache.coyote.AbstractProtocol pause
INFO: Pausing ProtocolHandler ["http-bio-80"]
Sep 29, 2017 5:48:16 PM org.apache.coyote.AbstractProtocol pause
INFO: Pausing ProtocolHandler ["ajp-bio-8009"]
Sep 29, 2017 5:48:16 PM org.apache.catalina.core.StandardService stopInternal
INFO: Stopping service Catalina
Sep 29, 2017 5:48:16 PM org.apache.coyote.AbstractProtocol stop
INFO: Stopping ProtocolHandler ["http-bio-80"]
Sep 29, 2017 5:48:16 PM org.apache.coyote.AbstractProtocol stop
INFO: Stopping ProtocolHandler ["ajp-bio-8009"]
Sep 29, 2017 5:48:16 PM org.apache.coyote.AbstractProtocol destroy
INFO: Destroying ProtocolHandler ["http-bio-80"]
Sep 29, 2017 5:48:16 PM org.apache.coyote.AbstractProtocol destroy
INFO: Destroying ProtocolHandler ["ajp-bio-8009"]
