Sep 19, 2017 12:01:59 AM org.apache.catalina.core.StandardContext reload
INFO: Reloading Context with name [/ebuy] has started
Sep 19, 2017 12:02:00 AM org.apache.catalina.core.StandardContext reload
INFO: Reloading Context with name [/ebuy] is completed
Sep 19, 2017 12:03:00 AM org.apache.catalina.core.StandardContext reload
INFO: Reloading Context with name [/ebuy] has started
Sep 19, 2017 12:03:00 AM org.apache.catalina.core.StandardContext reload
INFO: Reloading Context with name [/ebuy] is completed
Sep 19, 2017 12:16:01 AM org.apache.catalina.core.AprLifecycleListener init
INFO: The APR based Apache Tomcat Native library which allows optimal performance in production environments was not found on the java.library.path: C:\Softwares\Java\jdk1.8.0_121\bin;C:\WINDOWS\Sun\Java\bin;C:\WINDOWS\system32;C:\WINDOWS;C:\Softwares\Java\jdk1.8.0_121\bin;C:\ProgramData\Oracle\Java\javapath;C:\WINDOWS\system32;C:\WINDOWS;C:\WINDOWS\System32\Wbem;C:\WINDOWS\System32\WindowsPowerShell\v1.0\;C:\DDrive\Git\cmd;C:\DDrive\Software\GnuPG\pub;C:\DDrive\Python27;C:\Softwares\Anaconda;C:\Softwares\Anaconda\Scripts;C:\Softwares\Anaconda\Library\bin;C:\D Drive\Git\cmd;C:\Program Files (x86)\Skype\Phone\;C:\Program Files\Intel\WiFi\bin\;C:\Program Files\Common Files\Intel\WirelessCommon\;C:\Program Files\PuTTY\;C:\DDrive\Software\Anaconda;C:\DDrive\Software\Anaconda\Scripts;C:\DDrive\Software\Anaconda\Library\bin;C:\Users\venka\AppData\Local\Microsoft\WindowsApps;C:\Users\venka\AppData\Local\atom\bin;C:\DDrive\Python27;%USERPROFILE%\AppData\Local\Microsoft\WindowsApps;;.
Sep 19, 2017 12:16:01 AM org.apache.coyote.AbstractProtocol init
INFO: Initializing ProtocolHandler ["http-bio-80"]
Sep 19, 2017 12:16:01 AM org.apache.coyote.AbstractProtocol init
INFO: Initializing ProtocolHandler ["ajp-bio-8009"]
Sep 19, 2017 12:16:01 AM org.apache.catalina.startup.Catalina load
INFO: Initialization processed in 597 ms
Sep 19, 2017 12:16:01 AM org.apache.catalina.core.StandardService startInternal
INFO: Starting service Catalina
Sep 19, 2017 12:16:01 AM org.apache.catalina.core.StandardEngine startInternal
INFO: Starting Servlet Engine: Apache Tomcat/7.0.34
Sep 19, 2017 12:16:01 AM org.apache.catalina.startup.HostConfig deployDirectory
INFO: Deploying web application directory C:\DDrive\SoftwareProjects\ProjectX\Tomcat\apache-tomcat-7.0.34\webapps\csj
Sep 19, 2017 12:16:02 AM org.apache.catalina.util.SessionIdGenerator createSecureRandom
INFO: Creation of SecureRandom instance for session ID generation using [SHA1PRNG] took [103] milliseconds.
Sep 19, 2017 12:16:02 AM org.apache.catalina.startup.HostConfig deployDirectory
INFO: Deploying web application directory C:\DDrive\SoftwareProjects\ProjectX\Tomcat\apache-tomcat-7.0.34\webapps\css
Sep 19, 2017 12:16:03 AM org.apache.catalina.startup.HostConfig deployDirectory
INFO: Deploying web application directory C:\DDrive\SoftwareProjects\ProjectX\Tomcat\apache-tomcat-7.0.34\webapps\docs
Sep 19, 2017 12:16:03 AM org.apache.catalina.startup.HostConfig deployDirectory
INFO: Deploying web application directory C:\DDrive\SoftwareProjects\ProjectX\Tomcat\apache-tomcat-7.0.34\webapps\ebuy
Sep 19, 2017 12:16:03 AM org.apache.catalina.startup.HostConfig deployDirectory
INFO: Deploying web application directory C:\DDrive\SoftwareProjects\ProjectX\Tomcat\apache-tomcat-7.0.34\webapps\examples
Sep 19, 2017 12:16:03 AM org.apache.catalina.startup.HostConfig deployDirectory
INFO: Deploying web application directory C:\DDrive\SoftwareProjects\ProjectX\Tomcat\apache-tomcat-7.0.34\webapps\host-manager
Sep 19, 2017 12:16:03 AM org.apache.catalina.startup.HostConfig deployDirectory
INFO: Deploying web application directory C:\DDrive\SoftwareProjects\ProjectX\Tomcat\apache-tomcat-7.0.34\webapps\images
Sep 19, 2017 12:16:04 AM org.apache.catalina.startup.HostConfig deployDirectory
INFO: Deploying web application directory C:\DDrive\SoftwareProjects\ProjectX\Tomcat\apache-tomcat-7.0.34\webapps\manager
Sep 19, 2017 12:16:04 AM org.apache.catalina.startup.HostConfig deployDirectory
INFO: Deploying web application directory C:\DDrive\SoftwareProjects\ProjectX\Tomcat\apache-tomcat-7.0.34\webapps\noimages
Sep 19, 2017 12:16:04 AM org.apache.catalina.startup.HostConfig deployDirectory
INFO: Deploying web application directory C:\DDrive\SoftwareProjects\ProjectX\Tomcat\apache-tomcat-7.0.34\webapps\ROOT
Sep 19, 2017 12:16:04 AM org.apache.catalina.startup.HostConfig deployDirectory
INFO: Deploying web application directory C:\DDrive\SoftwareProjects\ProjectX\Tomcat\apache-tomcat-7.0.34\webapps\sample
Sep 19, 2017 12:16:04 AM org.apache.coyote.AbstractProtocol start
INFO: Starting ProtocolHandler ["http-bio-80"]
Sep 19, 2017 12:16:04 AM org.apache.coyote.AbstractProtocol start
INFO: Starting ProtocolHandler ["ajp-bio-8009"]
Sep 19, 2017 12:16:04 AM org.apache.catalina.startup.Catalina start
INFO: Server startup in 2900 ms
Sep 19, 2017 12:17:34 AM org.apache.catalina.core.StandardContext reload
INFO: Reloading Context with name [/ebuy] has started
Sep 19, 2017 12:17:35 AM org.apache.catalina.core.StandardContext reload
INFO: Reloading Context with name [/ebuy] is completed
