Sep 01, 2017 10:30:16 PM org.apache.catalina.core.AprLifecycleListener init
INFO: The APR based Apache Tomcat Native library which allows optimal performance in production environments was not found on the java.library.path: C:\Softwares\Java\jdk1.8.0_121\bin;C:\WINDOWS\Sun\Java\bin;C:\WINDOWS\system32;C:\WINDOWS;C:\Softwares\Java\jdk1.8.0_121\bin;C:\ProgramData\Oracle\Java\javapath;C:\WINDOWS\system32;C:\WINDOWS;C:\WINDOWS\System32\Wbem;C:\WINDOWS\System32\WindowsPowerShell\v1.0\;C:\DDrive\Git\cmd;C:\DDrive\Software\GnuPG\pub;C:\DDrive\Python27;C:\Softwares\Anaconda;C:\Softwares\Anaconda\Scripts;C:\Softwares\Anaconda\Library\bin;C:\D Drive\Git\cmd;C:\Program Files (x86)\Skype\Phone\;C:\Program Files\Intel\WiFi\bin\;C:\Program Files\Common Files\Intel\WirelessCommon\;C:\Program Files\PuTTY\;C:\DDrive\Software\Anaconda;C:\DDrive\Software\Anaconda\Scripts;C:\DDrive\Software\Anaconda\Library\bin;C:\Users\venka\AppData\Local\Microsoft\WindowsApps;C:\Users\venka\AppData\Local\atom\bin;C:\DDrive\Python27;%USERPROFILE%\AppData\Local\Microsoft\WindowsApps;;.
Sep 01, 2017 10:30:17 PM org.apache.coyote.AbstractProtocol init
INFO: Initializing ProtocolHandler ["http-bio-80"]
Sep 01, 2017 10:30:17 PM org.apache.coyote.AbstractProtocol init
INFO: Initializing ProtocolHandler ["ajp-bio-8009"]
Sep 01, 2017 10:30:17 PM org.apache.catalina.startup.Catalina load
INFO: Initialization processed in 1119 ms
Sep 01, 2017 10:30:17 PM org.apache.catalina.core.StandardService startInternal
INFO: Starting service Catalina
Sep 01, 2017 10:30:17 PM org.apache.catalina.core.StandardEngine startInternal
INFO: Starting Servlet Engine: Apache Tomcat/7.0.34
Sep 01, 2017 10:30:17 PM org.apache.catalina.startup.HostConfig deployDirectory
INFO: Deploying web application directory C:\DDrive\SoftwareProjects\ProjectX\Tomcat\apache-tomcat-7.0.34\webapps\docs
Sep 01, 2017 10:30:18 PM org.apache.catalina.startup.HostConfig deployDirectory
INFO: Deploying web application directory C:\DDrive\SoftwareProjects\ProjectX\Tomcat\apache-tomcat-7.0.34\webapps\examples
Sep 01, 2017 10:30:18 PM org.apache.catalina.startup.HostConfig deployDirectory
INFO: Deploying web application directory C:\DDrive\SoftwareProjects\ProjectX\Tomcat\apache-tomcat-7.0.34\webapps\host-manager
Sep 01, 2017 10:30:18 PM org.apache.catalina.startup.HostConfig deployDirectory
INFO: Deploying web application directory C:\DDrive\SoftwareProjects\ProjectX\Tomcat\apache-tomcat-7.0.34\webapps\manager
Sep 01, 2017 10:30:18 PM org.apache.catalina.startup.HostConfig deployDirectory
INFO: Deploying web application directory C:\DDrive\SoftwareProjects\ProjectX\Tomcat\apache-tomcat-7.0.34\webapps\ROOT
Sep 01, 2017 10:30:18 PM org.apache.coyote.AbstractProtocol start
INFO: Starting ProtocolHandler ["http-bio-80"]
Sep 01, 2017 10:30:18 PM org.apache.coyote.AbstractProtocol start
INFO: Starting ProtocolHandler ["ajp-bio-8009"]
Sep 01, 2017 10:30:18 PM org.apache.catalina.startup.Catalina start
INFO: Server startup in 1011 ms
Sep 01, 2017 10:37:18 PM org.apache.catalina.core.StandardContext reload
INFO: Reloading Context with name [/examples] has started
Sep 01, 2017 10:37:19 PM org.apache.catalina.core.StandardContext reload
INFO: Reloading Context with name [/examples] is completed
Sep 01, 2017 10:37:49 PM org.apache.catalina.core.AprLifecycleListener init
INFO: The APR based Apache Tomcat Native library which allows optimal performance in production environments was not found on the java.library.path: C:\Softwares\Java\jdk1.8.0_121\bin;C:\WINDOWS\Sun\Java\bin;C:\WINDOWS\system32;C:\WINDOWS;C:\Softwares\Java\jdk1.8.0_121\bin;C:\ProgramData\Oracle\Java\javapath;C:\WINDOWS\system32;C:\WINDOWS;C:\WINDOWS\System32\Wbem;C:\WINDOWS\System32\WindowsPowerShell\v1.0\;C:\DDrive\Git\cmd;C:\DDrive\Software\GnuPG\pub;C:\DDrive\Python27;C:\Softwares\Anaconda;C:\Softwares\Anaconda\Scripts;C:\Softwares\Anaconda\Library\bin;C:\D Drive\Git\cmd;C:\Program Files (x86)\Skype\Phone\;C:\Program Files\Intel\WiFi\bin\;C:\Program Files\Common Files\Intel\WirelessCommon\;C:\Program Files\PuTTY\;C:\DDrive\Software\Anaconda;C:\DDrive\Software\Anaconda\Scripts;C:\DDrive\Software\Anaconda\Library\bin;C:\Users\venka\AppData\Local\Microsoft\WindowsApps;C:\Users\venka\AppData\Local\atom\bin;C:\DDrive\Python27;%USERPROFILE%\AppData\Local\Microsoft\WindowsApps;;.
Sep 01, 2017 10:37:50 PM org.apache.coyote.AbstractProtocol init
INFO: Initializing ProtocolHandler ["http-bio-80"]
Sep 01, 2017 10:37:50 PM org.apache.coyote.AbstractProtocol init
INFO: Initializing ProtocolHandler ["ajp-bio-8009"]
Sep 01, 2017 10:37:50 PM org.apache.catalina.startup.Catalina load
INFO: Initialization processed in 499 ms
Sep 01, 2017 10:37:50 PM org.apache.catalina.core.StandardService startInternal
INFO: Starting service Catalina
Sep 01, 2017 10:37:50 PM org.apache.catalina.core.StandardEngine startInternal
INFO: Starting Servlet Engine: Apache Tomcat/7.0.34
Sep 01, 2017 10:37:50 PM org.apache.catalina.startup.HostConfig deployDirectory
INFO: Deploying web application directory C:\DDrive\SoftwareProjects\ProjectX\Tomcat\apache-tomcat-7.0.34\webapps\docs
Sep 01, 2017 10:37:50 PM org.apache.catalina.startup.HostConfig deployDirectory
INFO: Deploying web application directory C:\DDrive\SoftwareProjects\ProjectX\Tomcat\apache-tomcat-7.0.34\webapps\examples
Sep 01, 2017 10:37:50 PM org.apache.catalina.startup.HostConfig deployDirectory
INFO: Deploying web application directory C:\DDrive\SoftwareProjects\ProjectX\Tomcat\apache-tomcat-7.0.34\webapps\host-manager
Sep 01, 2017 10:37:50 PM org.apache.catalina.startup.HostConfig deployDirectory
INFO: Deploying web application directory C:\DDrive\SoftwareProjects\ProjectX\Tomcat\apache-tomcat-7.0.34\webapps\manager
Sep 01, 2017 10:37:50 PM org.apache.catalina.startup.HostConfig deployDirectory
INFO: Deploying web application directory C:\DDrive\SoftwareProjects\ProjectX\Tomcat\apache-tomcat-7.0.34\webapps\ROOT
Sep 01, 2017 10:37:50 PM org.apache.coyote.AbstractProtocol start
INFO: Starting ProtocolHandler ["http-bio-80"]
Sep 01, 2017 10:37:50 PM org.apache.coyote.AbstractProtocol start
INFO: Starting ProtocolHandler ["ajp-bio-8009"]
Sep 01, 2017 10:37:50 PM org.apache.catalina.startup.Catalina start
INFO: Server startup in 674 ms
Sep 01, 2017 10:41:00 PM org.apache.catalina.startup.HostConfig deployDirectory
INFO: Deploying web application directory C:\DDrive\SoftwareProjects\ProjectX\Tomcat\apache-tomcat-7.0.34\webapps\csj
Sep 01, 2017 10:41:41 PM org.apache.catalina.startup.HostConfig checkResources
INFO: Reloading context [/csj]
Sep 01, 2017 10:41:41 PM org.apache.catalina.core.StandardContext reload
INFO: Reloading Context with name [/csj] has started
Sep 01, 2017 10:41:42 PM org.apache.catalina.core.StandardContext reload
INFO: Reloading Context with name [/csj] is completed
Sep 01, 2017 10:49:12 PM org.apache.catalina.startup.HostConfig checkResources
INFO: Reloading context [/csj]
Sep 01, 2017 10:49:12 PM org.apache.catalina.core.StandardContext reload
INFO: Reloading Context with name [/csj] has started
Sep 01, 2017 10:49:13 PM org.apache.catalina.core.StandardContext reload
INFO: Reloading Context with name [/csj] is completed
Sep 01, 2017 10:50:06 PM org.apache.catalina.core.AprLifecycleListener init
INFO: The APR based Apache Tomcat Native library which allows optimal performance in production environments was not found on the java.library.path: C:\Softwares\Java\jdk1.8.0_121\bin;C:\WINDOWS\Sun\Java\bin;C:\WINDOWS\system32;C:\WINDOWS;C:\Softwares\Java\jdk1.8.0_121\bin;C:\ProgramData\Oracle\Java\javapath;C:\WINDOWS\system32;C:\WINDOWS;C:\WINDOWS\System32\Wbem;C:\WINDOWS\System32\WindowsPowerShell\v1.0\;C:\DDrive\Git\cmd;C:\DDrive\Software\GnuPG\pub;C:\DDrive\Python27;C:\Softwares\Anaconda;C:\Softwares\Anaconda\Scripts;C:\Softwares\Anaconda\Library\bin;C:\D Drive\Git\cmd;C:\Program Files (x86)\Skype\Phone\;C:\Program Files\Intel\WiFi\bin\;C:\Program Files\Common Files\Intel\WirelessCommon\;C:\Program Files\PuTTY\;C:\DDrive\Software\Anaconda;C:\DDrive\Software\Anaconda\Scripts;C:\DDrive\Software\Anaconda\Library\bin;C:\Users\venka\AppData\Local\Microsoft\WindowsApps;C:\Users\venka\AppData\Local\atom\bin;C:\DDrive\Python27;%USERPROFILE%\AppData\Local\Microsoft\WindowsApps;;.
Sep 01, 2017 10:50:06 PM org.apache.coyote.AbstractProtocol init
INFO: Initializing ProtocolHandler ["http-bio-80"]
Sep 01, 2017 10:50:06 PM org.apache.coyote.AbstractProtocol init
SEVERE: Failed to initialize end point associated with ProtocolHandler ["http-bio-80"]
java.net.BindException: Address already in use: JVM_Bind <null>:80
	at org.apache.tomcat.util.net.JIoEndpoint.bind(JIoEndpoint.java:406)
	at org.apache.tomcat.util.net.AbstractEndpoint.init(AbstractEndpoint.java:610)
	at org.apache.coyote.AbstractProtocol.init(AbstractProtocol.java:429)
	at org.apache.coyote.http11.AbstractHttp11JsseProtocol.init(AbstractHttp11JsseProtocol.java:119)
	at org.apache.catalina.connector.Connector.initInternal(Connector.java:981)
	at org.apache.catalina.util.LifecycleBase.init(LifecycleBase.java:102)
	at org.apache.catalina.core.StandardService.initInternal(StandardService.java:559)
	at org.apache.catalina.util.LifecycleBase.init(LifecycleBase.java:102)
	at org.apache.catalina.core.StandardServer.initInternal(StandardServer.java:814)
	at org.apache.catalina.util.LifecycleBase.init(LifecycleBase.java:102)
	at org.apache.catalina.startup.Catalina.load(Catalina.java:633)
	at org.apache.catalina.startup.Catalina.load(Catalina.java:658)
	at sun.reflect.NativeMethodAccessorImpl.invoke0(Native Method)
	at sun.reflect.NativeMethodAccessorImpl.invoke(NativeMethodAccessorImpl.java:62)
	at sun.reflect.DelegatingMethodAccessorImpl.invoke(DelegatingMethodAccessorImpl.java:43)
	at java.lang.reflect.Method.invoke(Method.java:498)
	at org.apache.catalina.startup.Bootstrap.load(Bootstrap.java:281)
	at org.apache.catalina.startup.Bootstrap.main(Bootstrap.java:450)
Caused by: java.net.BindException: Address already in use: JVM_Bind
	at java.net.DualStackPlainSocketImpl.bind0(Native Method)
	at java.net.DualStackPlainSocketImpl.socketBind(DualStackPlainSocketImpl.java:106)
	at java.net.AbstractPlainSocketImpl.bind(AbstractPlainSocketImpl.java:387)
	at java.net.PlainSocketImpl.bind(PlainSocketImpl.java:190)
	at java.net.ServerSocket.bind(ServerSocket.java:375)
	at java.net.ServerSocket.<init>(ServerSocket.java:237)
	at java.net.ServerSocket.<init>(ServerSocket.java:181)
	at org.apache.tomcat.util.net.DefaultServerSocketFactory.createSocket(DefaultServerSocketFactory.java:49)
	at org.apache.tomcat.util.net.JIoEndpoint.bind(JIoEndpoint.java:393)
	... 17 more

Sep 01, 2017 10:50:06 PM org.apache.catalina.core.StandardService initInternal
SEVERE: Failed to initialize connector [Connector[HTTP/1.1-80]]
org.apache.catalina.LifecycleException: Failed to initialize component [Connector[HTTP/1.1-80]]
	at org.apache.catalina.util.LifecycleBase.init(LifecycleBase.java:106)
	at org.apache.catalina.core.StandardService.initInternal(StandardService.java:559)
	at org.apache.catalina.util.LifecycleBase.init(LifecycleBase.java:102)
	at org.apache.catalina.core.StandardServer.initInternal(StandardServer.java:814)
	at org.apache.catalina.util.LifecycleBase.init(LifecycleBase.java:102)
	at org.apache.catalina.startup.Catalina.load(Catalina.java:633)
	at org.apache.catalina.startup.Catalina.load(Catalina.java:658)
	at sun.reflect.NativeMethodAccessorImpl.invoke0(Native Method)
	at sun.reflect.NativeMethodAccessorImpl.invoke(NativeMethodAccessorImpl.java:62)
	at sun.reflect.DelegatingMethodAccessorImpl.invoke(DelegatingMethodAccessorImpl.java:43)
	at java.lang.reflect.Method.invoke(Method.java:498)
	at org.apache.catalina.startup.Bootstrap.load(Bootstrap.java:281)
	at org.apache.catalina.startup.Bootstrap.main(Bootstrap.java:450)
Caused by: org.apache.catalina.LifecycleException: Protocol handler initialization failed
	at org.apache.catalina.connector.Connector.initInternal(Connector.java:983)
	at org.apache.catalina.util.LifecycleBase.init(LifecycleBase.java:102)
	... 12 more
Caused by: java.net.BindException: Address already in use: JVM_Bind <null>:80
	at org.apache.tomcat.util.net.JIoEndpoint.bind(JIoEndpoint.java:406)
	at org.apache.tomcat.util.net.AbstractEndpoint.init(AbstractEndpoint.java:610)
	at org.apache.coyote.AbstractProtocol.init(AbstractProtocol.java:429)
	at org.apache.coyote.http11.AbstractHttp11JsseProtocol.init(AbstractHttp11JsseProtocol.java:119)
	at org.apache.catalina.connector.Connector.initInternal(Connector.java:981)
	... 13 more
Caused by: java.net.BindException: Address already in use: JVM_Bind
	at java.net.DualStackPlainSocketImpl.bind0(Native Method)
	at java.net.DualStackPlainSocketImpl.socketBind(DualStackPlainSocketImpl.java:106)
	at java.net.AbstractPlainSocketImpl.bind(AbstractPlainSocketImpl.java:387)
	at java.net.PlainSocketImpl.bind(PlainSocketImpl.java:190)
	at java.net.ServerSocket.bind(ServerSocket.java:375)
	at java.net.ServerSocket.<init>(ServerSocket.java:237)
	at java.net.ServerSocket.<init>(ServerSocket.java:181)
	at org.apache.tomcat.util.net.DefaultServerSocketFactory.createSocket(DefaultServerSocketFactory.java:49)
	at org.apache.tomcat.util.net.JIoEndpoint.bind(JIoEndpoint.java:393)
	... 17 more

Sep 01, 2017 10:50:06 PM org.apache.coyote.AbstractProtocol init
INFO: Initializing ProtocolHandler ["ajp-bio-8009"]
Sep 01, 2017 10:50:06 PM org.apache.coyote.AbstractProtocol init
SEVERE: Failed to initialize end point associated with ProtocolHandler ["ajp-bio-8009"]
java.net.BindException: Address already in use: JVM_Bind <null>:8009
	at org.apache.tomcat.util.net.JIoEndpoint.bind(JIoEndpoint.java:406)
	at org.apache.tomcat.util.net.AbstractEndpoint.init(AbstractEndpoint.java:610)
	at org.apache.coyote.AbstractProtocol.init(AbstractProtocol.java:429)
	at org.apache.catalina.connector.Connector.initInternal(Connector.java:981)
	at org.apache.catalina.util.LifecycleBase.init(LifecycleBase.java:102)
	at org.apache.catalina.core.StandardService.initInternal(StandardService.java:559)
	at org.apache.catalina.util.LifecycleBase.init(LifecycleBase.java:102)
	at org.apache.catalina.core.StandardServer.initInternal(StandardServer.java:814)
	at org.apache.catalina.util.LifecycleBase.init(LifecycleBase.java:102)
	at org.apache.catalina.startup.Catalina.load(Catalina.java:633)
	at org.apache.catalina.startup.Catalina.load(Catalina.java:658)
	at sun.reflect.NativeMethodAccessorImpl.invoke0(Native Method)
	at sun.reflect.NativeMethodAccessorImpl.invoke(NativeMethodAccessorImpl.java:62)
	at sun.reflect.DelegatingMethodAccessorImpl.invoke(DelegatingMethodAccessorImpl.java:43)
	at java.lang.reflect.Method.invoke(Method.java:498)
	at org.apache.catalina.startup.Bootstrap.load(Bootstrap.java:281)
	at org.apache.catalina.startup.Bootstrap.main(Bootstrap.java:450)
Caused by: java.net.BindException: Address already in use: JVM_Bind
	at java.net.DualStackPlainSocketImpl.bind0(Native Method)
	at java.net.DualStackPlainSocketImpl.socketBind(DualStackPlainSocketImpl.java:106)
	at java.net.AbstractPlainSocketImpl.bind(AbstractPlainSocketImpl.java:387)
	at java.net.PlainSocketImpl.bind(PlainSocketImpl.java:190)
	at java.net.ServerSocket.bind(ServerSocket.java:375)
	at java.net.ServerSocket.<init>(ServerSocket.java:237)
	at java.net.ServerSocket.<init>(ServerSocket.java:181)
	at org.apache.tomcat.util.net.DefaultServerSocketFactory.createSocket(DefaultServerSocketFactory.java:49)
	at org.apache.tomcat.util.net.JIoEndpoint.bind(JIoEndpoint.java:393)
	... 16 more

Sep 01, 2017 10:50:06 PM org.apache.catalina.core.StandardService initInternal
SEVERE: Failed to initialize connector [Connector[AJP/1.3-8009]]
org.apache.catalina.LifecycleException: Failed to initialize component [Connector[AJP/1.3-8009]]
	at org.apache.catalina.util.LifecycleBase.init(LifecycleBase.java:106)
	at org.apache.catalina.core.StandardService.initInternal(StandardService.java:559)
	at org.apache.catalina.util.LifecycleBase.init(LifecycleBase.java:102)
	at org.apache.catalina.core.StandardServer.initInternal(StandardServer.java:814)
	at org.apache.catalina.util.LifecycleBase.init(LifecycleBase.java:102)
	at org.apache.catalina.startup.Catalina.load(Catalina.java:633)
	at org.apache.catalina.startup.Catalina.load(Catalina.java:658)
	at sun.reflect.NativeMethodAccessorImpl.invoke0(Native Method)
	at sun.reflect.NativeMethodAccessorImpl.invoke(NativeMethodAccessorImpl.java:62)
	at sun.reflect.DelegatingMethodAccessorImpl.invoke(DelegatingMethodAccessorImpl.java:43)
	at java.lang.reflect.Method.invoke(Method.java:498)
	at org.apache.catalina.startup.Bootstrap.load(Bootstrap.java:281)
	at org.apache.catalina.startup.Bootstrap.main(Bootstrap.java:450)
Caused by: org.apache.catalina.LifecycleException: Protocol handler initialization failed
	at org.apache.catalina.connector.Connector.initInternal(Connector.java:983)
	at org.apache.catalina.util.LifecycleBase.init(LifecycleBase.java:102)
	... 12 more
Caused by: java.net.BindException: Address already in use: JVM_Bind <null>:8009
	at org.apache.tomcat.util.net.JIoEndpoint.bind(JIoEndpoint.java:406)
	at org.apache.tomcat.util.net.AbstractEndpoint.init(AbstractEndpoint.java:610)
	at org.apache.coyote.AbstractProtocol.init(AbstractProtocol.java:429)
	at org.apache.catalina.connector.Connector.initInternal(Connector.java:981)
	... 13 more
Caused by: java.net.BindException: Address already in use: JVM_Bind
	at java.net.DualStackPlainSocketImpl.bind0(Native Method)
	at java.net.DualStackPlainSocketImpl.socketBind(DualStackPlainSocketImpl.java:106)
	at java.net.AbstractPlainSocketImpl.bind(AbstractPlainSocketImpl.java:387)
	at java.net.PlainSocketImpl.bind(PlainSocketImpl.java:190)
	at java.net.ServerSocket.bind(ServerSocket.java:375)
	at java.net.ServerSocket.<init>(ServerSocket.java:237)
	at java.net.ServerSocket.<init>(ServerSocket.java:181)
	at org.apache.tomcat.util.net.DefaultServerSocketFactory.createSocket(DefaultServerSocketFactory.java:49)
	at org.apache.tomcat.util.net.JIoEndpoint.bind(JIoEndpoint.java:393)
	... 16 more

Sep 01, 2017 10:50:06 PM org.apache.catalina.startup.Catalina load
INFO: Initialization processed in 516 ms
Sep 01, 2017 10:50:06 PM org.apache.catalina.core.StandardService startInternal
INFO: Starting service Catalina
Sep 01, 2017 10:50:06 PM org.apache.catalina.core.StandardEngine startInternal
INFO: Starting Servlet Engine: Apache Tomcat/7.0.34
Sep 01, 2017 10:50:06 PM org.apache.catalina.startup.HostConfig deployDirectory
INFO: Deploying web application directory C:\DDrive\SoftwareProjects\ProjectX\Tomcat\apache-tomcat-7.0.34\webapps\csj
Sep 01, 2017 10:50:06 PM org.apache.catalina.startup.HostConfig deployDirectory
INFO: Deploying web application directory C:\DDrive\SoftwareProjects\ProjectX\Tomcat\apache-tomcat-7.0.34\webapps\docs
Sep 01, 2017 10:50:06 PM org.apache.catalina.startup.HostConfig deployDirectory
INFO: Deploying web application directory C:\DDrive\SoftwareProjects\ProjectX\Tomcat\apache-tomcat-7.0.34\webapps\examples
Sep 01, 2017 10:50:06 PM org.apache.catalina.startup.HostConfig deployDirectory
INFO: Deploying web application directory C:\DDrive\SoftwareProjects\ProjectX\Tomcat\apache-tomcat-7.0.34\webapps\host-manager
Sep 01, 2017 10:50:06 PM org.apache.catalina.startup.HostConfig deployDirectory
INFO: Deploying web application directory C:\DDrive\SoftwareProjects\ProjectX\Tomcat\apache-tomcat-7.0.34\webapps\manager
Sep 01, 2017 10:50:07 PM org.apache.catalina.startup.HostConfig deployDirectory
INFO: Deploying web application directory C:\DDrive\SoftwareProjects\ProjectX\Tomcat\apache-tomcat-7.0.34\webapps\ROOT
Sep 01, 2017 10:50:07 PM org.apache.catalina.startup.Catalina start
INFO: Server startup in 736 ms
Sep 01, 2017 10:50:07 PM org.apache.catalina.core.StandardServer await
SEVERE: StandardServer.await: create[localhost:8005]: 
java.net.BindException: Address already in use: JVM_Bind
	at java.net.DualStackPlainSocketImpl.bind0(Native Method)
	at java.net.DualStackPlainSocketImpl.socketBind(DualStackPlainSocketImpl.java:106)
	at java.net.AbstractPlainSocketImpl.bind(AbstractPlainSocketImpl.java:387)
	at java.net.PlainSocketImpl.bind(PlainSocketImpl.java:190)
	at java.net.ServerSocket.bind(ServerSocket.java:375)
	at java.net.ServerSocket.<init>(ServerSocket.java:237)
	at org.apache.catalina.core.StandardServer.await(StandardServer.java:427)
	at org.apache.catalina.startup.Catalina.await(Catalina.java:766)
	at org.apache.catalina.startup.Catalina.start(Catalina.java:712)
	at sun.reflect.NativeMethodAccessorImpl.invoke0(Native Method)
	at sun.reflect.NativeMethodAccessorImpl.invoke(NativeMethodAccessorImpl.java:62)
	at sun.reflect.DelegatingMethodAccessorImpl.invoke(DelegatingMethodAccessorImpl.java:43)
	at java.lang.reflect.Method.invoke(Method.java:498)
	at org.apache.catalina.startup.Bootstrap.start(Bootstrap.java:322)
	at org.apache.catalina.startup.Bootstrap.main(Bootstrap.java:451)

Sep 01, 2017 10:50:07 PM org.apache.coyote.AbstractProtocol pause
INFO: Pausing ProtocolHandler ["http-bio-80"]
Sep 01, 2017 10:50:07 PM org.apache.coyote.AbstractProtocol pause
INFO: Pausing ProtocolHandler ["ajp-bio-8009"]
Sep 01, 2017 10:50:07 PM org.apache.catalina.core.StandardService stopInternal
INFO: Stopping service Catalina
Sep 01, 2017 10:50:07 PM org.apache.coyote.AbstractProtocol stop
INFO: Stopping ProtocolHandler ["http-bio-80"]
Sep 01, 2017 10:50:07 PM org.apache.coyote.AbstractProtocol destroy
INFO: Destroying ProtocolHandler ["http-bio-80"]
Sep 01, 2017 10:50:07 PM org.apache.coyote.AbstractProtocol stop
INFO: Stopping ProtocolHandler ["ajp-bio-8009"]
Sep 01, 2017 10:50:07 PM org.apache.coyote.AbstractProtocol destroy
INFO: Destroying ProtocolHandler ["ajp-bio-8009"]
Sep 01, 2017 10:50:12 PM org.apache.coyote.AbstractProtocol pause
INFO: Pausing ProtocolHandler ["http-bio-80"]
Sep 01, 2017 10:50:12 PM org.apache.coyote.AbstractProtocol pause
INFO: Pausing ProtocolHandler ["ajp-bio-8009"]
Sep 01, 2017 10:50:12 PM org.apache.catalina.core.StandardService stopInternal
INFO: Stopping service Catalina
Sep 01, 2017 10:50:12 PM org.apache.coyote.AbstractProtocol stop
INFO: Stopping ProtocolHandler ["http-bio-80"]
Sep 01, 2017 10:50:12 PM org.apache.coyote.AbstractProtocol stop
INFO: Stopping ProtocolHandler ["ajp-bio-8009"]
Sep 01, 2017 10:50:12 PM org.apache.coyote.AbstractProtocol destroy
INFO: Destroying ProtocolHandler ["http-bio-80"]
Sep 01, 2017 10:50:12 PM org.apache.coyote.AbstractProtocol destroy
INFO: Destroying ProtocolHandler ["ajp-bio-8009"]
Sep 01, 2017 10:50:16 PM org.apache.catalina.core.AprLifecycleListener init
INFO: The APR based Apache Tomcat Native library which allows optimal performance in production environments was not found on the java.library.path: C:\Softwares\Java\jdk1.8.0_121\bin;C:\WINDOWS\Sun\Java\bin;C:\WINDOWS\system32;C:\WINDOWS;C:\Softwares\Java\jdk1.8.0_121\bin;C:\ProgramData\Oracle\Java\javapath;C:\WINDOWS\system32;C:\WINDOWS;C:\WINDOWS\System32\Wbem;C:\WINDOWS\System32\WindowsPowerShell\v1.0\;C:\DDrive\Git\cmd;C:\DDrive\Software\GnuPG\pub;C:\DDrive\Python27;C:\Softwares\Anaconda;C:\Softwares\Anaconda\Scripts;C:\Softwares\Anaconda\Library\bin;C:\D Drive\Git\cmd;C:\Program Files (x86)\Skype\Phone\;C:\Program Files\Intel\WiFi\bin\;C:\Program Files\Common Files\Intel\WirelessCommon\;C:\Program Files\PuTTY\;C:\DDrive\Software\Anaconda;C:\DDrive\Software\Anaconda\Scripts;C:\DDrive\Software\Anaconda\Library\bin;C:\Users\venka\AppData\Local\Microsoft\WindowsApps;C:\Users\venka\AppData\Local\atom\bin;C:\DDrive\Python27;%USERPROFILE%\AppData\Local\Microsoft\WindowsApps;;.
Sep 01, 2017 10:50:16 PM org.apache.coyote.AbstractProtocol init
INFO: Initializing ProtocolHandler ["http-bio-80"]
Sep 01, 2017 10:50:16 PM org.apache.coyote.AbstractProtocol init
INFO: Initializing ProtocolHandler ["ajp-bio-8009"]
Sep 01, 2017 10:50:16 PM org.apache.catalina.startup.Catalina load
INFO: Initialization processed in 499 ms
Sep 01, 2017 10:50:16 PM org.apache.catalina.core.StandardService startInternal
INFO: Starting service Catalina
Sep 01, 2017 10:50:16 PM org.apache.catalina.core.StandardEngine startInternal
INFO: Starting Servlet Engine: Apache Tomcat/7.0.34
Sep 01, 2017 10:50:16 PM org.apache.catalina.startup.HostConfig deployDirectory
INFO: Deploying web application directory C:\DDrive\SoftwareProjects\ProjectX\Tomcat\apache-tomcat-7.0.34\webapps\csj
Sep 01, 2017 10:50:16 PM org.apache.catalina.startup.HostConfig deployDirectory
INFO: Deploying web application directory C:\DDrive\SoftwareProjects\ProjectX\Tomcat\apache-tomcat-7.0.34\webapps\docs
Sep 01, 2017 10:50:16 PM org.apache.catalina.startup.HostConfig deployDirectory
INFO: Deploying web application directory C:\DDrive\SoftwareProjects\ProjectX\Tomcat\apache-tomcat-7.0.34\webapps\examples
Sep 01, 2017 10:50:16 PM org.apache.catalina.startup.HostConfig deployDirectory
INFO: Deploying web application directory C:\DDrive\SoftwareProjects\ProjectX\Tomcat\apache-tomcat-7.0.34\webapps\host-manager
Sep 01, 2017 10:50:16 PM org.apache.catalina.startup.HostConfig deployDirectory
INFO: Deploying web application directory C:\DDrive\SoftwareProjects\ProjectX\Tomcat\apache-tomcat-7.0.34\webapps\manager
Sep 01, 2017 10:50:17 PM org.apache.catalina.startup.HostConfig deployDirectory
INFO: Deploying web application directory C:\DDrive\SoftwareProjects\ProjectX\Tomcat\apache-tomcat-7.0.34\webapps\ROOT
Sep 01, 2017 10:50:17 PM org.apache.coyote.AbstractProtocol start
INFO: Starting ProtocolHandler ["http-bio-80"]
Sep 01, 2017 10:50:17 PM org.apache.coyote.AbstractProtocol start
INFO: Starting ProtocolHandler ["ajp-bio-8009"]
Sep 01, 2017 10:50:17 PM org.apache.catalina.startup.Catalina start
INFO: Server startup in 747 ms
