Sep 28, 2017 1:16:55 AM org.apache.catalina.core.ApplicationContext log
INFO: SessionListener: contextDestroyed()
Sep 28, 2017 1:16:55 AM org.apache.catalina.core.ApplicationContext log
INFO: ContextListener: contextDestroyed()
Sep 28, 2017 1:16:59 AM org.apache.catalina.core.ApplicationContext log
INFO: Initializion of AuthenticationFilter 
Sep 28, 2017 1:17:01 AM org.apache.catalina.core.ApplicationContext log
INFO: ContextListener: contextInitialized()
Sep 28, 2017 1:17:01 AM org.apache.catalina.core.ApplicationContext log
INFO: SessionListener: contextInitialized()
Sep 28, 2017 1:17:01 AM org.apache.catalina.core.ApplicationContext log
INFO: ContextListener: attributeAdded('org.apache.jasper.compiler.TldLocationsCache', 'org.apache.jasper.compiler.TldLocationsCache@1228ab7f')
Sep 28, 2017 3:33:38 PM org.apache.catalina.core.ApplicationContext log
INFO: SessionListener: contextDestroyed()
Sep 28, 2017 3:33:38 PM org.apache.catalina.core.ApplicationContext log
INFO: ContextListener: contextDestroyed()
Sep 28, 2017 3:33:55 PM org.apache.catalina.core.ApplicationContext log
INFO: Initializion of AuthenticationFilter 
Sep 28, 2017 3:33:57 PM org.apache.catalina.core.ApplicationContext log
INFO: ContextListener: contextInitialized()
Sep 28, 2017 3:33:57 PM org.apache.catalina.core.ApplicationContext log
INFO: SessionListener: contextInitialized()
Sep 28, 2017 3:33:57 PM org.apache.catalina.core.ApplicationContext log
INFO: ContextListener: attributeAdded('org.apache.jasper.compiler.TldLocationsCache', 'org.apache.jasper.compiler.TldLocationsCache@5566a5c1')
Sep 28, 2017 3:34:28 PM org.apache.catalina.core.StandardWrapperValve invoke
SEVERE: Servlet.service() for servlet [OrdersPage] in context with path [/ebuy] threw exception
java.lang.NullPointerException
	at OrdersPage.doGet(OrdersPage.java:70)
	at javax.servlet.http.HttpServlet.service(HttpServlet.java:621)
	at javax.servlet.http.HttpServlet.service(HttpServlet.java:728)
	at org.apache.catalina.core.ApplicationFilterChain.internalDoFilter(ApplicationFilterChain.java:305)
	at org.apache.catalina.core.ApplicationFilterChain.doFilter(ApplicationFilterChain.java:210)
	at LoginFilter.doFilter(LoginFilter.java:27)
	at org.apache.catalina.core.ApplicationFilterChain.internalDoFilter(ApplicationFilterChain.java:243)
	at org.apache.catalina.core.ApplicationFilterChain.doFilter(ApplicationFilterChain.java:210)
	at org.apache.catalina.core.StandardWrapperValve.invoke(StandardWrapperValve.java:222)
	at org.apache.catalina.core.StandardContextValve.invoke(StandardContextValve.java:123)
	at org.apache.catalina.core.StandardHostValve.invoke(StandardHostValve.java:171)
	at org.apache.catalina.valves.ErrorReportValve.invoke(ErrorReportValve.java:99)
	at org.apache.catalina.valves.AccessLogValve.invoke(AccessLogValve.java:936)
	at org.apache.catalina.core.StandardEngineValve.invoke(StandardEngineValve.java:118)
	at org.apache.catalina.connector.CoyoteAdapter.service(CoyoteAdapter.java:407)
	at org.apache.coyote.http11.AbstractHttp11Processor.process(AbstractHttp11Processor.java:1004)
	at org.apache.coyote.AbstractProtocol$AbstractConnectionHandler.process(AbstractProtocol.java:589)
	at org.apache.tomcat.util.net.JIoEndpoint$SocketProcessor.run(JIoEndpoint.java:310)
	at java.util.concurrent.ThreadPoolExecutor.runWorker(ThreadPoolExecutor.java:1142)
	at java.util.concurrent.ThreadPoolExecutor$Worker.run(ThreadPoolExecutor.java:617)
	at java.lang.Thread.run(Thread.java:745)

Sep 28, 2017 3:35:12 PM org.apache.catalina.core.StandardWrapperValve invoke
SEVERE: Servlet.service() for servlet [OrdersPage] in context with path [/ebuy] threw exception
java.lang.NullPointerException
	at OrdersPage.doGet(OrdersPage.java:70)
	at javax.servlet.http.HttpServlet.service(HttpServlet.java:621)
	at javax.servlet.http.HttpServlet.service(HttpServlet.java:728)
	at org.apache.catalina.core.ApplicationFilterChain.internalDoFilter(ApplicationFilterChain.java:305)
	at org.apache.catalina.core.ApplicationFilterChain.doFilter(ApplicationFilterChain.java:210)
	at LoginFilter.doFilter(LoginFilter.java:27)
	at org.apache.catalina.core.ApplicationFilterChain.internalDoFilter(ApplicationFilterChain.java:243)
	at org.apache.catalina.core.ApplicationFilterChain.doFilter(ApplicationFilterChain.java:210)
	at org.apache.catalina.core.StandardWrapperValve.invoke(StandardWrapperValve.java:222)
	at org.apache.catalina.core.StandardContextValve.invoke(StandardContextValve.java:123)
	at org.apache.catalina.core.StandardHostValve.invoke(StandardHostValve.java:171)
	at org.apache.catalina.valves.ErrorReportValve.invoke(ErrorReportValve.java:99)
	at org.apache.catalina.valves.AccessLogValve.invoke(AccessLogValve.java:936)
	at org.apache.catalina.core.StandardEngineValve.invoke(StandardEngineValve.java:118)
	at org.apache.catalina.connector.CoyoteAdapter.service(CoyoteAdapter.java:407)
	at org.apache.coyote.http11.AbstractHttp11Processor.process(AbstractHttp11Processor.java:1004)
	at org.apache.coyote.AbstractProtocol$AbstractConnectionHandler.process(AbstractProtocol.java:589)
	at org.apache.tomcat.util.net.JIoEndpoint$SocketProcessor.run(JIoEndpoint.java:312)
	at java.util.concurrent.ThreadPoolExecutor.runWorker(ThreadPoolExecutor.java:1142)
	at java.util.concurrent.ThreadPoolExecutor$Worker.run(ThreadPoolExecutor.java:617)
	at java.lang.Thread.run(Thread.java:745)

Sep 28, 2017 3:46:29 PM org.apache.catalina.core.StandardWrapperValve invoke
SEVERE: Servlet.service() for servlet [OrdersPage] in context with path [/ebuy] threw exception
java.lang.NullPointerException
	at OrdersPage.doGet(OrdersPage.java:71)
	at javax.servlet.http.HttpServlet.service(HttpServlet.java:621)
	at javax.servlet.http.HttpServlet.service(HttpServlet.java:728)
	at org.apache.catalina.core.ApplicationFilterChain.internalDoFilter(ApplicationFilterChain.java:305)
	at org.apache.catalina.core.ApplicationFilterChain.doFilter(ApplicationFilterChain.java:210)
	at LoginFilter.doFilter(LoginFilter.java:27)
	at org.apache.catalina.core.ApplicationFilterChain.internalDoFilter(ApplicationFilterChain.java:243)
	at org.apache.catalina.core.ApplicationFilterChain.doFilter(ApplicationFilterChain.java:210)
	at org.apache.catalina.core.StandardWrapperValve.invoke(StandardWrapperValve.java:222)
	at org.apache.catalina.core.StandardContextValve.invoke(StandardContextValve.java:123)
	at org.apache.catalina.core.StandardHostValve.invoke(StandardHostValve.java:171)
	at org.apache.catalina.valves.ErrorReportValve.invoke(ErrorReportValve.java:99)
	at org.apache.catalina.valves.AccessLogValve.invoke(AccessLogValve.java:936)
	at org.apache.catalina.core.StandardEngineValve.invoke(StandardEngineValve.java:118)
	at org.apache.catalina.connector.CoyoteAdapter.service(CoyoteAdapter.java:407)
	at org.apache.coyote.http11.AbstractHttp11Processor.process(AbstractHttp11Processor.java:1004)
	at org.apache.coyote.AbstractProtocol$AbstractConnectionHandler.process(AbstractProtocol.java:589)
	at org.apache.tomcat.util.net.JIoEndpoint$SocketProcessor.run(JIoEndpoint.java:310)
	at java.util.concurrent.ThreadPoolExecutor.runWorker(ThreadPoolExecutor.java:1142)
	at java.util.concurrent.ThreadPoolExecutor$Worker.run(ThreadPoolExecutor.java:617)
	at java.lang.Thread.run(Thread.java:745)

Sep 28, 2017 3:48:47 PM org.apache.catalina.core.StandardWrapperValve invoke
SEVERE: Servlet.service() for servlet [OrdersPage] in context with path [/ebuy] threw exception
java.lang.NullPointerException
	at OrdersPage.doGet(OrdersPage.java:72)
	at javax.servlet.http.HttpServlet.service(HttpServlet.java:621)
	at javax.servlet.http.HttpServlet.service(HttpServlet.java:728)
	at org.apache.catalina.core.ApplicationFilterChain.internalDoFilter(ApplicationFilterChain.java:305)
	at org.apache.catalina.core.ApplicationFilterChain.doFilter(ApplicationFilterChain.java:210)
	at LoginFilter.doFilter(LoginFilter.java:27)
	at org.apache.catalina.core.ApplicationFilterChain.internalDoFilter(ApplicationFilterChain.java:243)
	at org.apache.catalina.core.ApplicationFilterChain.doFilter(ApplicationFilterChain.java:210)
	at org.apache.catalina.core.StandardWrapperValve.invoke(StandardWrapperValve.java:222)
	at org.apache.catalina.core.StandardContextValve.invoke(StandardContextValve.java:123)
	at org.apache.catalina.core.StandardHostValve.invoke(StandardHostValve.java:171)
	at org.apache.catalina.valves.ErrorReportValve.invoke(ErrorReportValve.java:99)
	at org.apache.catalina.valves.AccessLogValve.invoke(AccessLogValve.java:936)
	at org.apache.catalina.core.StandardEngineValve.invoke(StandardEngineValve.java:118)
	at org.apache.catalina.connector.CoyoteAdapter.service(CoyoteAdapter.java:407)
	at org.apache.coyote.http11.AbstractHttp11Processor.process(AbstractHttp11Processor.java:1004)
	at org.apache.coyote.AbstractProtocol$AbstractConnectionHandler.process(AbstractProtocol.java:589)
	at org.apache.tomcat.util.net.JIoEndpoint$SocketProcessor.run(JIoEndpoint.java:310)
	at java.util.concurrent.ThreadPoolExecutor.runWorker(ThreadPoolExecutor.java:1142)
	at java.util.concurrent.ThreadPoolExecutor$Worker.run(ThreadPoolExecutor.java:617)
	at java.lang.Thread.run(Thread.java:745)

Sep 28, 2017 3:55:16 PM org.apache.catalina.core.StandardWrapperValve invoke
SEVERE: Servlet.service() for servlet [OrdersPage] in context with path [/ebuy] threw exception
java.lang.NullPointerException
	at OrdersPage.doGet(OrdersPage.java:72)
	at javax.servlet.http.HttpServlet.service(HttpServlet.java:621)
	at javax.servlet.http.HttpServlet.service(HttpServlet.java:728)
	at org.apache.catalina.core.ApplicationFilterChain.internalDoFilter(ApplicationFilterChain.java:305)
	at org.apache.catalina.core.ApplicationFilterChain.doFilter(ApplicationFilterChain.java:210)
	at LoginFilter.doFilter(LoginFilter.java:27)
	at org.apache.catalina.core.ApplicationFilterChain.internalDoFilter(ApplicationFilterChain.java:243)
	at org.apache.catalina.core.ApplicationFilterChain.doFilter(ApplicationFilterChain.java:210)
	at org.apache.catalina.core.StandardWrapperValve.invoke(StandardWrapperValve.java:222)
	at org.apache.catalina.core.StandardContextValve.invoke(StandardContextValve.java:123)
	at org.apache.catalina.core.StandardHostValve.invoke(StandardHostValve.java:171)
	at org.apache.catalina.valves.ErrorReportValve.invoke(ErrorReportValve.java:99)
	at org.apache.catalina.valves.AccessLogValve.invoke(AccessLogValve.java:936)
	at org.apache.catalina.core.StandardEngineValve.invoke(StandardEngineValve.java:118)
	at org.apache.catalina.connector.CoyoteAdapter.service(CoyoteAdapter.java:407)
	at org.apache.coyote.http11.AbstractHttp11Processor.process(AbstractHttp11Processor.java:1004)
	at org.apache.coyote.AbstractProtocol$AbstractConnectionHandler.process(AbstractProtocol.java:589)
	at org.apache.tomcat.util.net.JIoEndpoint$SocketProcessor.run(JIoEndpoint.java:310)
	at java.util.concurrent.ThreadPoolExecutor.runWorker(ThreadPoolExecutor.java:1142)
	at java.util.concurrent.ThreadPoolExecutor$Worker.run(ThreadPoolExecutor.java:617)
	at java.lang.Thread.run(Thread.java:745)

Sep 28, 2017 3:55:50 PM org.apache.catalina.core.StandardWrapperValve invoke
SEVERE: Servlet.service() for servlet [OrdersPage] in context with path [/ebuy] threw exception
java.lang.NullPointerException
	at OrdersPage.doGet(OrdersPage.java:72)
	at javax.servlet.http.HttpServlet.service(HttpServlet.java:621)
	at javax.servlet.http.HttpServlet.service(HttpServlet.java:728)
	at org.apache.catalina.core.ApplicationFilterChain.internalDoFilter(ApplicationFilterChain.java:305)
	at org.apache.catalina.core.ApplicationFilterChain.doFilter(ApplicationFilterChain.java:210)
	at LoginFilter.doFilter(LoginFilter.java:27)
	at org.apache.catalina.core.ApplicationFilterChain.internalDoFilter(ApplicationFilterChain.java:243)
	at org.apache.catalina.core.ApplicationFilterChain.doFilter(ApplicationFilterChain.java:210)
	at org.apache.catalina.core.StandardWrapperValve.invoke(StandardWrapperValve.java:222)
	at org.apache.catalina.core.StandardContextValve.invoke(StandardContextValve.java:123)
	at org.apache.catalina.core.StandardHostValve.invoke(StandardHostValve.java:171)
	at org.apache.catalina.valves.ErrorReportValve.invoke(ErrorReportValve.java:99)
	at org.apache.catalina.valves.AccessLogValve.invoke(AccessLogValve.java:936)
	at org.apache.catalina.core.StandardEngineValve.invoke(StandardEngineValve.java:118)
	at org.apache.catalina.connector.CoyoteAdapter.service(CoyoteAdapter.java:407)
	at org.apache.coyote.http11.AbstractHttp11Processor.process(AbstractHttp11Processor.java:1004)
	at org.apache.coyote.AbstractProtocol$AbstractConnectionHandler.process(AbstractProtocol.java:589)
	at org.apache.tomcat.util.net.JIoEndpoint$SocketProcessor.run(JIoEndpoint.java:312)
	at java.util.concurrent.ThreadPoolExecutor.runWorker(ThreadPoolExecutor.java:1142)
	at java.util.concurrent.ThreadPoolExecutor$Worker.run(ThreadPoolExecutor.java:617)
	at java.lang.Thread.run(Thread.java:745)

Sep 28, 2017 4:28:45 PM org.apache.catalina.core.ApplicationContext log
INFO: SessionListener: contextDestroyed()
Sep 28, 2017 4:28:45 PM org.apache.catalina.core.ApplicationContext log
INFO: ContextListener: contextDestroyed()
Sep 28, 2017 4:29:07 PM org.apache.catalina.core.ApplicationContext log
INFO: Initializion of AuthenticationFilter 
Sep 28, 2017 4:29:08 PM org.apache.catalina.core.ApplicationContext log
INFO: ContextListener: contextInitialized()
Sep 28, 2017 4:29:08 PM org.apache.catalina.core.ApplicationContext log
INFO: SessionListener: contextInitialized()
Sep 28, 2017 4:29:08 PM org.apache.catalina.core.ApplicationContext log
INFO: ContextListener: attributeAdded('org.apache.jasper.compiler.TldLocationsCache', 'org.apache.jasper.compiler.TldLocationsCache@5566a5c1')
Sep 28, 2017 4:30:05 PM org.apache.catalina.core.ApplicationContext log
INFO: SessionListener: contextDestroyed()
Sep 28, 2017 4:30:05 PM org.apache.catalina.core.ApplicationContext log
INFO: ContextListener: contextDestroyed()
Sep 28, 2017 4:30:20 PM org.apache.catalina.core.ApplicationContext log
INFO: Initializion of AuthenticationFilter 
Sep 28, 2017 4:30:22 PM org.apache.catalina.core.ApplicationContext log
INFO: ContextListener: contextInitialized()
Sep 28, 2017 4:30:22 PM org.apache.catalina.core.ApplicationContext log
INFO: SessionListener: contextInitialized()
Sep 28, 2017 4:30:22 PM org.apache.catalina.core.ApplicationContext log
INFO: ContextListener: attributeAdded('org.apache.jasper.compiler.TldLocationsCache', 'org.apache.jasper.compiler.TldLocationsCache@5566a5c1')
Sep 28, 2017 4:36:10 PM org.apache.catalina.core.ApplicationContext log
INFO: Initializion of AuthenticationFilter 
Sep 28, 2017 4:37:16 PM org.apache.catalina.core.ApplicationContext log
INFO: SessionListener: contextDestroyed()
Sep 28, 2017 4:37:16 PM org.apache.catalina.core.ApplicationContext log
INFO: ContextListener: contextDestroyed()
Sep 28, 2017 4:40:25 PM org.apache.catalina.core.ApplicationContext log
INFO: Initializion of AuthenticationFilter 
Sep 28, 2017 4:40:27 PM org.apache.catalina.core.ApplicationContext log
INFO: ContextListener: contextInitialized()
Sep 28, 2017 4:40:27 PM org.apache.catalina.core.ApplicationContext log
INFO: SessionListener: contextInitialized()
Sep 28, 2017 4:40:27 PM org.apache.catalina.core.ApplicationContext log
INFO: ContextListener: attributeAdded('org.apache.jasper.compiler.TldLocationsCache', 'org.apache.jasper.compiler.TldLocationsCache@5566a5c1')
Sep 28, 2017 4:40:52 PM org.apache.catalina.core.ApplicationContext log
INFO: SessionListener: contextDestroyed()
Sep 28, 2017 4:40:52 PM org.apache.catalina.core.ApplicationContext log
INFO: ContextListener: contextDestroyed()
Sep 28, 2017 4:43:44 PM org.apache.catalina.core.ApplicationContext log
INFO: Initializion of AuthenticationFilter 
Sep 28, 2017 4:43:45 PM org.apache.catalina.core.ApplicationContext log
INFO: ContextListener: contextInitialized()
Sep 28, 2017 4:43:45 PM org.apache.catalina.core.ApplicationContext log
INFO: SessionListener: contextInitialized()
Sep 28, 2017 4:43:45 PM org.apache.catalina.core.ApplicationContext log
INFO: ContextListener: attributeAdded('org.apache.jasper.compiler.TldLocationsCache', 'org.apache.jasper.compiler.TldLocationsCache@773a6563')
Sep 28, 2017 4:44:39 PM org.apache.catalina.core.ApplicationContext log
INFO: SessionListener: contextDestroyed()
Sep 28, 2017 4:44:39 PM org.apache.catalina.core.ApplicationContext log
INFO: ContextListener: contextDestroyed()
Sep 28, 2017 4:44:55 PM org.apache.catalina.core.ApplicationContext log
INFO: Initializion of AuthenticationFilter 
Sep 28, 2017 4:44:56 PM org.apache.catalina.core.ApplicationContext log
INFO: ContextListener: contextInitialized()
Sep 28, 2017 4:44:56 PM org.apache.catalina.core.ApplicationContext log
INFO: SessionListener: contextInitialized()
Sep 28, 2017 4:44:56 PM org.apache.catalina.core.ApplicationContext log
INFO: ContextListener: attributeAdded('org.apache.jasper.compiler.TldLocationsCache', 'org.apache.jasper.compiler.TldLocationsCache@7ae34f35')
Sep 28, 2017 4:56:56 PM org.apache.catalina.core.ApplicationContext log
INFO: SessionListener: contextDestroyed()
Sep 28, 2017 4:56:56 PM org.apache.catalina.core.ApplicationContext log
INFO: ContextListener: contextDestroyed()
Sep 28, 2017 4:57:03 PM org.apache.catalina.core.ApplicationContext log
INFO: Initializion of AuthenticationFilter 
Sep 28, 2017 4:57:05 PM org.apache.catalina.core.ApplicationContext log
INFO: ContextListener: contextInitialized()
Sep 28, 2017 4:57:05 PM org.apache.catalina.core.ApplicationContext log
INFO: SessionListener: contextInitialized()
Sep 28, 2017 4:57:05 PM org.apache.catalina.core.ApplicationContext log
INFO: ContextListener: attributeAdded('org.apache.jasper.compiler.TldLocationsCache', 'org.apache.jasper.compiler.TldLocationsCache@5566a5c1')
Sep 28, 2017 4:57:56 PM org.apache.catalina.core.ApplicationContext log
INFO: SessionListener: contextDestroyed()
Sep 28, 2017 4:57:56 PM org.apache.catalina.core.ApplicationContext log
INFO: ContextListener: contextDestroyed()
Sep 28, 2017 4:58:01 PM org.apache.catalina.core.ApplicationContext log
INFO: Initializion of AuthenticationFilter 
Sep 28, 2017 4:58:02 PM org.apache.catalina.core.ApplicationContext log
INFO: ContextListener: contextInitialized()
Sep 28, 2017 4:58:02 PM org.apache.catalina.core.ApplicationContext log
INFO: SessionListener: contextInitialized()
Sep 28, 2017 4:58:02 PM org.apache.catalina.core.ApplicationContext log
INFO: ContextListener: attributeAdded('org.apache.jasper.compiler.TldLocationsCache', 'org.apache.jasper.compiler.TldLocationsCache@7ae34f35')
Sep 28, 2017 5:02:53 PM org.apache.catalina.core.ApplicationContext log
INFO: SessionListener: contextDestroyed()
Sep 28, 2017 5:02:53 PM org.apache.catalina.core.ApplicationContext log
INFO: ContextListener: contextDestroyed()
Sep 28, 2017 5:04:50 PM org.apache.catalina.core.ApplicationContext log
INFO: Initializion of AuthenticationFilter 
Sep 28, 2017 5:04:51 PM org.apache.catalina.core.ApplicationContext log
INFO: ContextListener: contextInitialized()
Sep 28, 2017 5:04:51 PM org.apache.catalina.core.ApplicationContext log
INFO: SessionListener: contextInitialized()
Sep 28, 2017 5:04:51 PM org.apache.catalina.core.ApplicationContext log
INFO: ContextListener: attributeAdded('org.apache.jasper.compiler.TldLocationsCache', 'org.apache.jasper.compiler.TldLocationsCache@7ae34f35')
Sep 28, 2017 5:06:20 PM org.apache.catalina.core.ApplicationContext log
INFO: SessionListener: contextDestroyed()
Sep 28, 2017 5:06:20 PM org.apache.catalina.core.ApplicationContext log
INFO: ContextListener: contextDestroyed()
Sep 28, 2017 5:06:24 PM org.apache.catalina.core.ApplicationContext log
INFO: Initializion of AuthenticationFilter 
Sep 28, 2017 5:06:25 PM org.apache.catalina.core.ApplicationContext log
INFO: ContextListener: contextInitialized()
Sep 28, 2017 5:06:25 PM org.apache.catalina.core.ApplicationContext log
INFO: SessionListener: contextInitialized()
Sep 28, 2017 5:06:25 PM org.apache.catalina.core.ApplicationContext log
INFO: ContextListener: attributeAdded('org.apache.jasper.compiler.TldLocationsCache', 'org.apache.jasper.compiler.TldLocationsCache@773a6563')
Sep 28, 2017 7:44:58 PM org.apache.catalina.core.ApplicationContext log
INFO: SessionListener: contextDestroyed()
Sep 28, 2017 7:44:58 PM org.apache.catalina.core.ApplicationContext log
INFO: ContextListener: contextDestroyed()
Sep 28, 2017 7:45:01 PM org.apache.catalina.core.ApplicationContext log
INFO: Initializion of AuthenticationFilter 
Sep 28, 2017 7:45:03 PM org.apache.catalina.core.ApplicationContext log
INFO: ContextListener: contextInitialized()
Sep 28, 2017 7:45:03 PM org.apache.catalina.core.ApplicationContext log
INFO: SessionListener: contextInitialized()
Sep 28, 2017 7:45:03 PM org.apache.catalina.core.ApplicationContext log
INFO: ContextListener: attributeAdded('org.apache.jasper.compiler.TldLocationsCache', 'org.apache.jasper.compiler.TldLocationsCache@ddcdf67')
