Sep 01, 2017 10:30:18 PM org.apache.catalina.core.ApplicationContext log
INFO: ContextListener: contextInitialized()
Sep 01, 2017 10:30:18 PM org.apache.catalina.core.ApplicationContext log
INFO: SessionListener: contextInitialized()
Sep 01, 2017 10:30:18 PM org.apache.catalina.core.ApplicationContext log
INFO: ContextListener: attributeAdded('org.apache.jasper.compiler.TldLocationsCache', 'org.apache.jasper.compiler.TldLocationsCache@1b680413')
Sep 01, 2017 10:37:18 PM org.apache.catalina.core.ApplicationContext log
INFO: SessionListener: contextDestroyed()
Sep 01, 2017 10:37:18 PM org.apache.catalina.core.ApplicationContext log
INFO: ContextListener: contextDestroyed()
Sep 01, 2017 10:37:19 PM org.apache.catalina.core.ApplicationContext log
INFO: ContextListener: contextInitialized()
Sep 01, 2017 10:37:19 PM org.apache.catalina.core.ApplicationContext log
INFO: SessionListener: contextInitialized()
Sep 01, 2017 10:37:19 PM org.apache.catalina.core.ApplicationContext log
INFO: ContextListener: attributeAdded('org.apache.jasper.compiler.TldLocationsCache', 'org.apache.jasper.compiler.TldLocationsCache@6b69e7f8')
Sep 01, 2017 10:37:50 PM org.apache.catalina.core.ApplicationContext log
INFO: ContextListener: contextInitialized()
Sep 01, 2017 10:37:50 PM org.apache.catalina.core.ApplicationContext log
INFO: SessionListener: contextInitialized()
Sep 01, 2017 10:37:50 PM org.apache.catalina.core.ApplicationContext log
INFO: ContextListener: attributeAdded('org.apache.jasper.compiler.TldLocationsCache', 'org.apache.jasper.compiler.TldLocationsCache@1b680413')
Sep 01, 2017 10:50:06 PM org.apache.catalina.core.ApplicationContext log
INFO: ContextListener: contextInitialized()
Sep 01, 2017 10:50:06 PM org.apache.catalina.core.ApplicationContext log
INFO: SessionListener: contextInitialized()
Sep 01, 2017 10:50:06 PM org.apache.catalina.core.ApplicationContext log
INFO: ContextListener: attributeAdded('org.apache.jasper.compiler.TldLocationsCache', 'org.apache.jasper.compiler.TldLocationsCache@55ea8d1c')
Sep 01, 2017 10:50:07 PM org.apache.catalina.core.ApplicationContext log
INFO: SessionListener: contextDestroyed()
Sep 01, 2017 10:50:07 PM org.apache.catalina.core.ApplicationContext log
INFO: ContextListener: contextDestroyed()
Sep 01, 2017 10:50:12 PM org.apache.catalina.core.ApplicationContext log
INFO: SessionListener: contextDestroyed()
Sep 01, 2017 10:50:12 PM org.apache.catalina.core.ApplicationContext log
INFO: ContextListener: contextDestroyed()
Sep 01, 2017 10:50:16 PM org.apache.catalina.core.ApplicationContext log
INFO: ContextListener: contextInitialized()
Sep 01, 2017 10:50:16 PM org.apache.catalina.core.ApplicationContext log
INFO: SessionListener: contextInitialized()
Sep 01, 2017 10:50:16 PM org.apache.catalina.core.ApplicationContext log
INFO: ContextListener: attributeAdded('org.apache.jasper.compiler.TldLocationsCache', 'org.apache.jasper.compiler.TldLocationsCache@4bf034a2')
Sep 01, 2017 10:50:36 PM org.apache.catalina.core.ApplicationContext log
INFO: Marking servlet HelloWorldExample as unavailable
Sep 01, 2017 10:50:36 PM org.apache.catalina.core.StandardWrapperValve invoke
SEVERE: Allocate exception for servlet HelloWorldExample
java.lang.ClassNotFoundException: HelloWorldExample
	at org.apache.catalina.loader.WebappClassLoader.loadClass(WebappClassLoader.java:1714)
	at org.apache.catalina.loader.WebappClassLoader.loadClass(WebappClassLoader.java:1559)
	at org.apache.catalina.core.DefaultInstanceManager.loadClass(DefaultInstanceManager.java:532)
	at org.apache.catalina.core.DefaultInstanceManager.loadClassMaybePrivileged(DefaultInstanceManager.java:514)
	at org.apache.catalina.core.DefaultInstanceManager.newInstance(DefaultInstanceManager.java:133)
	at org.apache.catalina.core.StandardWrapper.loadServlet(StandardWrapper.java:1137)
	at org.apache.catalina.core.StandardWrapper.allocate(StandardWrapper.java:858)
	at org.apache.catalina.core.StandardWrapperValve.invoke(StandardWrapperValve.java:136)
	at org.apache.catalina.core.StandardContextValve.invoke(StandardContextValve.java:123)
	at org.apache.catalina.core.StandardHostValve.invoke(StandardHostValve.java:171)
	at org.apache.catalina.valves.ErrorReportValve.invoke(ErrorReportValve.java:99)
	at org.apache.catalina.valves.AccessLogValve.invoke(AccessLogValve.java:936)
	at org.apache.catalina.core.StandardEngineValve.invoke(StandardEngineValve.java:118)
	at org.apache.catalina.connector.CoyoteAdapter.service(CoyoteAdapter.java:407)
	at org.apache.coyote.http11.AbstractHttp11Processor.process(AbstractHttp11Processor.java:1004)
	at org.apache.coyote.AbstractProtocol$AbstractConnectionHandler.process(AbstractProtocol.java:589)
	at org.apache.tomcat.util.net.JIoEndpoint$SocketProcessor.run(JIoEndpoint.java:310)
	at java.util.concurrent.ThreadPoolExecutor.runWorker(ThreadPoolExecutor.java:1142)
	at java.util.concurrent.ThreadPoolExecutor$Worker.run(ThreadPoolExecutor.java:617)
	at java.lang.Thread.run(Thread.java:745)

